2021-08-28T21:25:51.462+0800 [DEBUG] [org.gradle.launcher.daemon.bootstrap.DaemonMain] Assuming the daemon was started with following jvm opts: [-XX:MaxMetaspaceSize=256m, -XX:+HeapDumpOnOutOfMemoryError, --add-opens, java.base/java.util=ALL-UNNAMED, --add-opens, java.base/java.lang=ALL-UNNAMED, --add-opens, java.base/java.lang.invoke=ALL-UNNAMED, --add-opens, java.prefs/java.util.prefs=ALL-UNNAMED, -Xms256m, -Xmx512m, -Dfile.encoding=UTF-8, -Duser.country=GB, -Duser.language=en, -Duser.variant]
2021-08-28T21:25:51.588+0800 [INFO] [org.gradle.launcher.daemon.server.Daemon] start() called on daemon - DefaultDaemonContext[uid=c4115517-81ff-41d2-98ac-97f35b0d9a96,javaHome=/usr/lib/jvm/java-11-openjdk-amd64,daemonRegistryDir=/home/bluehu/Downloads/School/CS2103/ip/daemon,pid=1248386,idleTimeout=10800000,priority=NORMAL,daemonOpts=-XX:MaxMetaspaceSize=256m,-XX:+HeapDumpOnOutOfMemoryError,--add-opens,java.base/java.util=ALL-UNNAMED,--add-opens,java.base/java.lang=ALL-UNNAMED,--add-opens,java.base/java.lang.invoke=ALL-UNNAMED,--add-opens,java.prefs/java.util.prefs=ALL-UNNAMED,-Xms256m,-Xmx512m,-Dfile.encoding=UTF-8,-Duser.country=GB,-Duser.language=en,-Duser.variant]
2021-08-28T21:25:51.606+0800 [DEBUG] [org.gradle.internal.remote.internal.inet.InetAddresses] Adding IP addresses for network interface wlp2s0
2021-08-28T21:25:51.607+0800 [DEBUG] [org.gradle.internal.remote.internal.inet.InetAddresses] Is this a loopback interface? false
2021-08-28T21:25:51.607+0800 [DEBUG] [org.gradle.internal.remote.internal.inet.InetAddresses] Adding remote address /fe80:0:0:0:d2b5:8710:5a6e:616b%wlp2s0
2021-08-28T21:25:51.607+0800 [DEBUG] [org.gradle.internal.remote.internal.inet.InetAddresses] Adding remote address /192.168.1.59
2021-08-28T21:25:51.607+0800 [DEBUG] [org.gradle.internal.remote.internal.inet.InetAddresses] Adding IP addresses for network interface lo
2021-08-28T21:25:51.610+0800 [DEBUG] [org.gradle.internal.remote.internal.inet.InetAddresses] Is this a loopback interface? true
2021-08-28T21:25:51.610+0800 [DEBUG] [org.gradle.internal.remote.internal.inet.InetAddresses] Adding loopback address /0:0:0:0:0:0:0:1%lo
2021-08-28T21:25:51.611+0800 [DEBUG] [org.gradle.internal.remote.internal.inet.InetAddresses] Adding loopback address /127.0.0.1
2021-08-28T21:25:51.613+0800 [DEBUG] [org.gradle.internal.remote.internal.inet.TcpIncomingConnector] Listening on [a3b360ac-0178-46bc-94c9-ac8cad0305d9 port:37325, addresses:[localhost/127.0.0.1]].
2021-08-28T21:25:51.621+0800 [DEBUG] [org.gradle.launcher.daemon.server.Daemon] Daemon starting at: Sat Aug 28 21:25:51 SGT 2021, with address: [a3b360ac-0178-46bc-94c9-ac8cad0305d9 port:37325, addresses:[localhost/127.0.0.1]]
2021-08-28T21:25:51.622+0800 [INFO] [org.gradle.launcher.daemon.server.DaemonRegistryUpdater] Advertising the daemon address to the clients: [a3b360ac-0178-46bc-94c9-ac8cad0305d9 port:37325, addresses:[localhost/127.0.0.1]]
2021-08-28T21:25:51.622+0800 [DEBUG] [org.gradle.launcher.daemon.server.DaemonRegistryUpdater] Advertised daemon context: DefaultDaemonContext[uid=c4115517-81ff-41d2-98ac-97f35b0d9a96,javaHome=/usr/lib/jvm/java-11-openjdk-amd64,daemonRegistryDir=/home/bluehu/Downloads/School/CS2103/ip/daemon,pid=1248386,idleTimeout=10800000,priority=NORMAL,daemonOpts=-XX:MaxMetaspaceSize=256m,-XX:+HeapDumpOnOutOfMemoryError,--add-opens,java.base/java.util=ALL-UNNAMED,--add-opens,java.base/java.lang=ALL-UNNAMED,--add-opens,java.base/java.lang.invoke=ALL-UNNAMED,--add-opens,java.prefs/java.util.prefs=ALL-UNNAMED,-Xms256m,-Xmx512m,-Dfile.encoding=UTF-8,-Duser.country=GB,-Duser.language=en,-Duser.variant]
2021-08-28T21:25:51.623+0800 [DEBUG] [org.gradle.launcher.daemon.registry.PersistentDaemonRegistry] Storing daemon address: [a3b360ac-0178-46bc-94c9-ac8cad0305d9 port:37325, addresses:[localhost/127.0.0.1]], context: DefaultDaemonContext[uid=c4115517-81ff-41d2-98ac-97f35b0d9a96,javaHome=/usr/lib/jvm/java-11-openjdk-amd64,daemonRegistryDir=/home/bluehu/Downloads/School/CS2103/ip/daemon,pid=1248386,idleTimeout=10800000,priority=NORMAL,daemonOpts=-XX:MaxMetaspaceSize=256m,-XX:+HeapDumpOnOutOfMemoryError,--add-opens,java.base/java.util=ALL-UNNAMED,--add-opens,java.base/java.lang=ALL-UNNAMED,--add-opens,java.base/java.lang.invoke=ALL-UNNAMED,--add-opens,java.prefs/java.util.prefs=ALL-UNNAMED,-Xms256m,-Xmx512m,-Dfile.encoding=UTF-8,-Duser.country=GB,-Duser.language=en,-Duser.variant]
2021-08-28T21:25:51.629+0800 [DEBUG] [org.gradle.cache.internal.DefaultFileLockManager] Waiting to acquire exclusive lock on daemon addresses registry.
2021-08-28T21:25:51.632+0800 [DEBUG] [org.gradle.cache.internal.DefaultFileLockManager] Lock acquired on daemon addresses registry.
2021-08-28T21:25:51.635+0800 [DEBUG] [org.gradle.cache.internal.DefaultFileLockManager] Releasing lock on daemon addresses registry.
2021-08-28T21:25:51.635+0800 [LIFECYCLE] [org.gradle.launcher.daemon.server.Daemon] Daemon server started.
2021-08-28T21:25:51.636+0800 [DEBUG] [org.gradle.launcher.daemon.bootstrap.DaemonStartupCommunication] Completed writing the daemon greeting. Closing streams...
2021-08-28T21:25:51.640+0800 [DEBUG] [org.gradle.launcher.daemon.server.Daemon] stopOnExpiration() called on daemon
2021-08-28T21:25:51.641+0800 [DEBUG] [org.gradle.launcher.daemon.server.Daemon] awaitExpiration() called on daemon
2021-08-28T21:25:51.642+0800 [DEBUG] [org.gradle.launcher.daemon.server.DaemonStateCoordinator] daemon is running. Sleeping until state changes.
2021-08-28T21:25:51.646+0800 [DEBUG] [org.gradle.internal.remote.internal.inet.TcpIncomingConnector] Accepted connection from /127.0.0.1:49618 to /127.0.0.1:37325.
2021-08-28T21:25:51.733+0800 [DEBUG] [org.gradle.launcher.daemon.server.SynchronizedDispatchConnection] thread 19: received class org.gradle.launcher.daemon.protocol.Build
2021-08-28T21:25:51.733+0800 [DEBUG] [org.gradle.launcher.daemon.server.DefaultDaemonConnection] thread 19: Received non-IO message from client: Build{id=b579fec1-5699-4917-b32a-984ecfa3f7ec, currentDir=/home/bluehu/Downloads/School/CS2103/ip}
2021-08-28T21:25:51.733+0800 [INFO] [org.gradle.launcher.daemon.server.DefaultIncomingConnectionHandler] Received command: Build{id=b579fec1-5699-4917-b32a-984ecfa3f7ec, currentDir=/home/bluehu/Downloads/School/CS2103/ip}.
2021-08-28T21:25:51.734+0800 [DEBUG] [org.gradle.launcher.daemon.server.DefaultIncomingConnectionHandler] Starting executing command: Build{id=b579fec1-5699-4917-b32a-984ecfa3f7ec, currentDir=/home/bluehu/Downloads/School/CS2103/ip} with connection: socket connection from /127.0.0.1:37325 to /127.0.0.1:49618.
2021-08-28T21:25:51.736+0800 [ERROR] [org.gradle.launcher.daemon.server.DaemonStateCoordinator] Command execution: started DaemonCommandExecution[command = Build{id=b579fec1-5699-4917-b32a-984ecfa3f7ec, currentDir=/home/bluehu/Downloads/School/CS2103/ip}, connection = DefaultDaemonConnection: socket connection from /127.0.0.1:37325 to /127.0.0.1:49618] after 0.0 minutes of idle
2021-08-28T21:25:51.736+0800 [INFO] [org.gradle.launcher.daemon.server.DaemonRegistryUpdater] Marking the daemon as busy, address: [a3b360ac-0178-46bc-94c9-ac8cad0305d9 port:37325, addresses:[localhost/127.0.0.1]]
2021-08-28T21:25:51.737+0800 [DEBUG] [org.gradle.launcher.daemon.registry.PersistentDaemonRegistry] Marking busy by address: [a3b360ac-0178-46bc-94c9-ac8cad0305d9 port:37325, addresses:[localhost/127.0.0.1]]
2021-08-28T21:25:51.737+0800 [DEBUG] [org.gradle.cache.internal.DefaultFileLockManager] Waiting to acquire exclusive lock on daemon addresses registry.
2021-08-28T21:25:51.738+0800 [DEBUG] [org.gradle.cache.internal.DefaultFileLockManager] Lock acquired on daemon addresses registry.
2021-08-28T21:25:51.738+0800 [DEBUG] [org.gradle.cache.internal.DefaultFileLockManager] Releasing lock on daemon addresses registry.
2021-08-28T21:25:51.738+0800 [DEBUG] [org.gradle.launcher.daemon.server.DaemonStateCoordinator] resetting idle timer
2021-08-28T21:25:51.739+0800 [DEBUG] [org.gradle.launcher.daemon.server.DaemonStateCoordinator] daemon is running. Sleeping until state changes.
2021-08-28T21:25:51.739+0800 [INFO] [org.gradle.launcher.daemon.server.exec.StartBuildOrRespondWithBusy] Daemon is about to start building Build{id=b579fec1-5699-4917-b32a-984ecfa3f7ec, currentDir=/home/bluehu/Downloads/School/CS2103/ip}. Dispatching build started information...
2021-08-28T21:25:51.739+0800 [DEBUG] [org.gradle.launcher.daemon.server.SynchronizedDispatchConnection] thread 21: dispatching org.gradle.launcher.daemon.protocol.BuildStarted@d08026f
2021-08-28T21:25:51.741+0800 [DEBUG] [org.gradle.launcher.daemon.server.exec.EstablishBuildEnvironment] Configuring env variables: {PATH=/usr/local/sbin:/usr/local/bin:/usr/sbin:/usr/bin:/sbin:/bin:/usr/games:/usr/local/games:/snap/bin:/snap/bin, XAUTHORITY=/run/user/1000/gdm/Xauthority, INVOCATION_ID=c0327136033c4702bcb6585c5ea64c4c, LC_MEASUREMENT=en_GB.UTF-8, XMODIFIERS=@im=ibus, LC_TELEPHONE=en_GB.UTF-8, GDMSESSION=pop, XDG_DATA_DIRS=/usr/share/pop:/home/bluehu/.local/share/flatpak/exports/share:/var/lib/flatpak/exports/share:/usr/local/share/:/usr/share/:/var/lib/snapd/desktop, MANDATORY_PATH=/usr/share/gconf/pop.mandatory.path, LC_TIME=en_GB.UTF-8, SNAP_COMMON=/var/snap/intellij-idea-community/common, PAPERSIZE=a4, SNAP_INSTANCE_KEY=, GTK_IM_MODULE=ibus, DBUS_SESSION_BUS_ADDRESS=unix:path=/run/user/1000/bus, SNAP_USER_COMMON=/home/bluehu/snap/intellij-idea-community/common, DEFAULTS_PATH=/usr/share/gconf/pop.default.path, SNAP_REVISION=320, XDG_CURRENT_DESKTOP=pop:GNOME, JOURNAL_STREAM=8:29655, LC_PAPER=en_GB.UTF-8, USERNAME=bluehu, SESSION_MANAGER=local/pop-os:@/tmp/.ICE-unix/1700,unix/pop-os:/tmp/.ICE-unix/1700, LOGNAME=bluehu, PWD=/home/bluehu, MANAGERPID=1454, LANGUAGE=en_GB:en, GJS_DEBUG_TOPICS=JS ERROR;JS LOG, SHELL=/bin/bash, LC_ADDRESS=en_GB.UTF-8, GIO_LAUNCHED_DESKTOP_FILE=/var/lib/snapd/desktop/applications/intellij-idea-community_intellij-idea-community.desktop, BAMF_DESKTOP_FILE_HINT=/var/lib/snapd/desktop/applications/intellij-idea-community_intellij-idea-community.desktop, GNOME_DESKTOP_SESSION_ID=this-is-deprecated, GTK_MODULES=gail:atk-bridge:appmenu-gtk-module, SNAP_ARCH=amd64, SNAP_LIBRARY_PATH=/var/lib/snapd/lib/gl:/var/lib/snapd/lib/gl32:/var/lib/snapd/void, XDG_SESSION_DESKTOP=pop, SSH_AGENT_LAUNCHER=gnome-keyring, SHLVL=0, LC_IDENTIFICATION=en_GB.UTF-8, LC_MONETARY=en_GB.UTF-8, SNAP_NAME=intellij-idea-community, QT_IM_MODULE=ibus, XDG_CONFIG_DIRS=/etc/xdg/xdg-pop:/etc/xdg, LANG=en_GB.UTF-8, SNAP_INSTANCE_NAME=intellij-idea-community, XDG_SESSION_TYPE=x11, SNAP_USER_DATA=/home/bluehu/snap/intellij-idea-community/320, DISPLAY=:1, SNAP_REEXEC=, SNAP_VERSION=2021.2.1, LC_NAME=en_GB.UTF-8, _=/usr/bin/dbus-update-activation-environment, XDG_SESSION_CLASS=user, SNAP_DATA=/var/snap/intellij-idea-community/320, GPG_AGENT_INFO=/run/user/1000/gnupg/S.gpg-agent:0:1, DESKTOP_SESSION=pop, SNAP=/snap/intellij-idea-community/320, USER=bluehu, SNAP_REAL_HOME=/home/bluehu, XDG_MENU_PREFIX=gnome-, GIO_LAUNCHED_DESKTOP_FILE_PID=1245626, WINDOWPATH=2, QT_ACCESSIBILITY=1, GJS_DEBUG_OUTPUT=stderr, LC_NUMERIC=en_GB.UTF-8, SSH_AUTH_SOCK=/run/user/1000/keyring/ssh, GNOME_SHELL_SESSION_MODE=pop, SNAP_CONTEXT=JMQIuDJB4nrz97LcfWrth32btAAzamI2HhzFTUr_ZcxiAi92Gqnj, XDG_RUNTIME_DIR=/run/user/1000, HOME=/home/bluehu, SNAP_COOKIE=JMQIuDJB4nrz97LcfWrth32btAAzamI2HhzFTUr_ZcxiAi92Gqnj}
2021-08-28T21:25:51.746+0800 [DEBUG] [org.gradle.launcher.daemon.server.SynchronizedDispatchConnection] thread 19: received class org.gradle.launcher.daemon.protocol.CloseInput
2021-08-28T21:25:51.746+0800 [DEBUG] [org.gradle.launcher.daemon.server.DefaultDaemonConnection] thread 19: Received IO message from client: org.gradle.launcher.daemon.protocol.CloseInput@ff8df44
2021-08-28T21:25:51.749+0800 [DEBUG] [org.gradle.launcher.daemon.server.exec.LogToClient] About to start relaying all logs to the client via the connection.
2021-08-28T21:25:51.749+0800 [INFO] [org.gradle.launcher.daemon.server.exec.LogToClient] The client will now receive all logging from the daemon (pid: 1248386). The daemon log file: /home/bluehu/Downloads/School/CS2103/ip/daemon/6.2/daemon-1248386.out.log
2021-08-28T21:25:51.752+0800 [INFO] [org.gradle.launcher.daemon.server.exec.LogAndCheckHealth] Starting build in new daemon [memory: 536.9 MB]
2021-08-28T21:25:51.753+0800 [INFO] [org.gradle.launcher.daemon.server.exec.ForwardClientInput] Closing daemon's stdin at end of input.
2021-08-28T21:25:51.753+0800 [INFO] [org.gradle.launcher.daemon.server.exec.ForwardClientInput] The daemon will no longer process any standard input.
2021-08-28T21:25:51.757+0800 [DEBUG] [org.gradle.launcher.daemon.server.exec.ExecuteBuild] The daemon has started executing the build.
2021-08-28T21:25:51.757+0800 [DEBUG] [org.gradle.launcher.daemon.server.exec.ExecuteBuild] Executing build with daemon context: DefaultDaemonContext[uid=c4115517-81ff-41d2-98ac-97f35b0d9a96,javaHome=/usr/lib/jvm/java-11-openjdk-amd64,daemonRegistryDir=/home/bluehu/Downloads/School/CS2103/ip/daemon,pid=1248386,idleTimeout=10800000,priority=NORMAL,daemonOpts=-XX:MaxMetaspaceSize=256m,-XX:+HeapDumpOnOutOfMemoryError,--add-opens,java.base/java.util=ALL-UNNAMED,--add-opens,java.base/java.lang=ALL-UNNAMED,--add-opens,java.base/java.lang.invoke=ALL-UNNAMED,--add-opens,java.prefs/java.util.prefs=ALL-UNNAMED,-Xms256m,-Xmx512m,-Dfile.encoding=UTF-8,-Duser.country=GB,-Duser.language=en,-Duser.variant]

BUILD SUCCESSFUL in 48s
2021-08-28T21:26:37.640+0800 [DEBUG] [org.gradle.launcher.daemon.server.exec.ExecuteBuild] The daemon has finished executing the build.
2021-08-28T21:26:37.643+0800 [DEBUG] [org.gradle.launcher.daemon.server.DaemonStateCoordinator] daemon is running. Sleeping until state changes.
2021-08-28T21:26:37.643+0800 [DEBUG] [org.gradle.launcher.daemon.server.DaemonStateCoordinator] Command execution: finished waiting for DaemonCommandExecution[command = Build{id=b579fec1-5699-4917-b32a-984ecfa3f7ec, currentDir=/home/bluehu/Downloads/School/CS2103/ip}, connection = DefaultDaemonConnection: socket connection from /127.0.0.1:37325 to /127.0.0.1:49618]. Result org.gradle.launcher.daemon.server.DaemonStateCoordinator@ab3fc87 with state Busy
2021-08-28T21:26:37.644+0800 [DEBUG] [org.gradle.launcher.daemon.server.DaemonStateCoordinator] Command execution: completed DaemonCommandExecution[command = Build{id=b579fec1-5699-4917-b32a-984ecfa3f7ec, currentDir=/home/bluehu/Downloads/School/CS2103/ip}, connection = DefaultDaemonConnection: socket connection from /127.0.0.1:37325 to /127.0.0.1:49618]
2021-08-28T21:26:37.644+0800 [DEBUG] [org.gradle.launcher.daemon.server.DaemonStateCoordinator] resetting idle timer
2021-08-28T21:26:37.644+0800 [INFO] [org.gradle.launcher.daemon.server.DaemonRegistryUpdater] Marking the daemon as idle, address: [a3b360ac-0178-46bc-94c9-ac8cad0305d9 port:37325, addresses:[localhost/127.0.0.1]]
2021-08-28T21:26:37.644+0800 [DEBUG] [org.gradle.launcher.daemon.registry.PersistentDaemonRegistry] Marking busy by address: [a3b360ac-0178-46bc-94c9-ac8cad0305d9 port:37325, addresses:[localhost/127.0.0.1]]
2021-08-28T21:26:37.645+0800 [DEBUG] [org.gradle.cache.internal.DefaultFileLockManager] Waiting to acquire exclusive lock on daemon addresses registry.
2021-08-28T21:26:37.645+0800 [DEBUG] [org.gradle.cache.internal.DefaultFileLockManager] Lock acquired on daemon addresses registry.
2021-08-28T21:26:37.646+0800 [DEBUG] [org.gradle.cache.internal.DefaultFileLockManager] Releasing lock on daemon addresses registry.
2021-08-28T21:26:37.646+0800 [DEBUG] [org.gradle.launcher.daemon.server.DaemonStateCoordinator] daemon is running. Sleeping until state changes.
2021-08-28T21:26:37.646+0800 [DEBUG] [org.gradle.launcher.daemon.server.exec.ReturnResult] Daemon is dispatching the build result: Success[value=org.gradle.launcher.exec.BuildActionResult@754681fb]
2021-08-28T21:26:37.647+0800 [DEBUG] [org.gradle.launcher.daemon.server.SynchronizedDispatchConnection] thread 18: dispatching Success[value=org.gradle.launcher.exec.BuildActionResult@754681fb]
2021-08-28T21:26:37.647+0800 [DEBUG] [org.gradle.launcher.daemon.server.DefaultIncomingConnectionHandler] Finishing executing command: Build{id=b579fec1-5699-4917-b32a-984ecfa3f7ec, currentDir=/home/bluehu/Downloads/School/CS2103/ip}
2021-08-28T21:26:37.690+0800 [DEBUG] [org.gradle.launcher.daemon.server.SynchronizedDispatchConnection] thread 19: received class org.gradle.launcher.daemon.protocol.Finished
2021-08-28T21:26:37.690+0800 [DEBUG] [org.gradle.launcher.daemon.server.DefaultDaemonConnection] thread 19: Received non-IO message from client: org.gradle.launcher.daemon.protocol.Finished@785204fd
2021-08-28T21:26:37.692+0800 [DEBUG] [org.gradle.internal.remote.internal.inet.SocketConnection] Discarding EOFException: java.io.EOFException
2021-08-28T21:26:37.692+0800 [DEBUG] [org.gradle.launcher.daemon.server.SynchronizedDispatchConnection] thread 19: received null
2021-08-28T21:26:37.693+0800 [DEBUG] [org.gradle.launcher.daemon.server.DefaultDaemonConnection] thread 19: Received end-of-input from client.
2021-08-28T21:26:37.693+0800 [DEBUG] [org.gradle.launcher.daemon.server.DefaultIncomingConnectionHandler] Received finished message: null
2021-08-28T21:26:37.693+0800 [DEBUG] [org.gradle.launcher.daemon.server.SynchronizedDispatchConnection] thread 18: stopping connection
2021-08-28T21:26:37.695+0800 [DEBUG] [org.gradle.launcher.daemon.server.SynchronizedDispatchConnection] thread 18: stopping connection
2021-08-28T21:26:39.036+0800 [DEBUG] [org.gradle.cache.internal.LockOnDemandCrossProcessCacheAccess] Lock on artifact cache (/home/bluehu/Downloads/School/CS2103/ip/caches/modules-2) requested by another process - releasing lock.
2021-08-28T21:26:39.036+0800 [DEBUG] [org.gradle.cache.internal.LockOnDemandCrossProcessCacheAccess] Releasing file lock for artifact cache (/home/bluehu/Downloads/School/CS2103/ip/caches/modules-2)
2021-08-28T21:26:39.036+0800 [DEBUG] [org.gradle.cache.internal.btree.BTreePersistentIndexedCache] Closing cache module-artifact.bin (/home/bluehu/Downloads/School/CS2103/ip/caches/modules-2/metadata-2.95/module-artifact.bin)
2021-08-28T21:26:39.036+0800 [DEBUG] [org.gradle.cache.internal.btree.BTreePersistentIndexedCache] Closing cache resource-at-url.bin (/home/bluehu/Downloads/School/CS2103/ip/caches/modules-2/metadata-2.95/resource-at-url.bin)
2021-08-28T21:26:39.037+0800 [DEBUG] [org.gradle.cache.internal.DefaultFileLockManager] Releasing lock on artifact cache (/home/bluehu/Downloads/School/CS2103/ip/caches/modules-2).
2021-08-28T21:26:39.043+0800 [DEBUG] [org.gradle.cache.internal.locklistener.FileLockCommunicator] Confirming lock release to Gradle process at port 49551 for lock with id 5459298956546299117.
2021-08-28T21:26:39.043+0800 [DEBUG] [org.gradle.cache.internal.locklistener.FileLockCommunicator] Confirming lock release to Gradle process at port 49551 for lock with id 5459298956546299117.
2021-08-28T21:26:41.641+0800 [DEBUG] [org.gradle.cache.internal.DefaultFileLockManager] Waiting to acquire shared lock on daemon addresses registry.
2021-08-28T21:26:41.641+0800 [DEBUG] [org.gradle.cache.internal.DefaultFileLockManager] Lock acquired on daemon addresses registry.
2021-08-28T21:26:41.642+0800 [DEBUG] [org.gradle.cache.internal.DefaultFileLockManager] Releasing lock on daemon addresses registry.
2021-08-28T21:26:41.642+0800 [DEBUG] [org.gradle.cache.internal.DefaultFileLockManager] Waiting to acquire shared lock on daemon addresses registry.
2021-08-28T21:26:41.642+0800 [DEBUG] [org.gradle.cache.internal.DefaultFileLockManager] Lock acquired on daemon addresses registry.
2021-08-28T21:26:41.643+0800 [DEBUG] [org.gradle.cache.internal.DefaultFileLockManager] Releasing lock on daemon addresses registry.
2021-08-28T21:26:51.641+0800 [DEBUG] [org.gradle.cache.internal.DefaultFileLockManager] Waiting to acquire shared lock on daemon addresses registry.
2021-08-28T21:26:51.642+0800 [DEBUG] [org.gradle.cache.internal.DefaultFileLockManager] Lock acquired on daemon addresses registry.
2021-08-28T21:26:51.642+0800 [DEBUG] [org.gradle.cache.internal.DefaultFileLockManager] Releasing lock on daemon addresses registry.
2021-08-28T21:26:51.642+0800 [DEBUG] [org.gradle.cache.internal.DefaultFileLockManager] Waiting to acquire shared lock on daemon addresses registry.
2021-08-28T21:26:51.642+0800 [DEBUG] [org.gradle.cache.internal.DefaultFileLockManager] Lock acquired on daemon addresses registry.
2021-08-28T21:26:51.642+0800 [DEBUG] [org.gradle.cache.internal.DefaultFileLockManager] Releasing lock on daemon addresses registry.
2021-08-28T21:26:51.643+0800 [DEBUG] [org.gradle.cache.internal.DefaultFileLockManager] Waiting to acquire shared lock on daemon addresses registry.
2021-08-28T21:26:51.643+0800 [DEBUG] [org.gradle.cache.internal.DefaultFileLockManager] Lock acquired on daemon addresses registry.
2021-08-28T21:26:51.643+0800 [DEBUG] [org.gradle.cache.internal.DefaultFileLockManager] Releasing lock on daemon addresses registry.
2021-08-28T21:26:51.643+0800 [DEBUG] [org.gradle.cache.internal.DefaultFileLockManager] Waiting to acquire shared lock on daemon addresses registry.
2021-08-28T21:26:51.643+0800 [DEBUG] [org.gradle.cache.internal.DefaultFileLockManager] Lock acquired on daemon addresses registry.
2021-08-28T21:26:51.643+0800 [DEBUG] [org.gradle.cache.internal.DefaultFileLockManager] Releasing lock on daemon addresses registry.
2021-08-28T21:26:51.644+0800 [DEBUG] [org.gradle.launcher.daemon.server.DaemonRegistryUpdater] Storing daemon stop event: other compatible daemons were started and after being idle for 0 minutes and not recently used
2021-08-28T21:26:51.645+0800 [DEBUG] [org.gradle.launcher.daemon.registry.PersistentDaemonRegistry] Storing daemon stop event with timestamp 1630157211645
2021-08-28T21:26:51.645+0800 [DEBUG] [org.gradle.cache.internal.DefaultFileLockManager] Waiting to acquire exclusive lock on daemon addresses registry.
2021-08-28T21:26:51.645+0800 [DEBUG] [org.gradle.cache.internal.DefaultFileLockManager] Lock acquired on daemon addresses registry.
2021-08-28T21:26:51.646+0800 [DEBUG] [org.gradle.cache.internal.DefaultFileLockManager] Releasing lock on daemon addresses registry.
2021-08-28T21:26:51.646+0800 [LIFECYCLE] [org.gradle.launcher.daemon.server.DaemonStateCoordinator] Daemon will be stopped at the end of the build other compatible daemons were started and after being idle for 0 minutes and not recently used
2021-08-28T21:26:51.646+0800 [DEBUG] [org.gradle.launcher.daemon.server.DaemonStateCoordinator] Marking daemon stopped due to other compatible daemons were started and after being idle for 0 minutes and not recently used. The daemon is running a build: false
2021-08-28T21:26:51.646+0800 [DEBUG] [org.gradle.launcher.daemon.server.DaemonStateCoordinator] daemon has stopped.
2021-08-28T21:26:51.646+0800 [DEBUG] [org.gradle.launcher.daemon.server.Daemon] stop() called on daemon
2021-08-28T21:26:51.646+0800 [INFO] [org.gradle.launcher.daemon.server.Daemon] Stop requested. Daemon is removing its presence from the registry...
2021-08-28T21:26:51.647+0800 [DEBUG] [org.gradle.launcher.daemon.server.DaemonRegistryUpdater] Removing our presence to clients, eg. removing this address from the registry: [a3b360ac-0178-46bc-94c9-ac8cad0305d9 port:37325, addresses:[localhost/127.0.0.1]]
2021-08-28T21:26:51.647+0800 [DEBUG] [org.gradle.launcher.daemon.registry.PersistentDaemonRegistry] Removing daemon address: [a3b360ac-0178-46bc-94c9-ac8cad0305d9 port:37325, addresses:[localhost/127.0.0.1]]
2021-08-28T21:26:51.647+0800 [DEBUG] [org.gradle.cache.internal.DefaultFileLockManager] Waiting to acquire exclusive lock on daemon addresses registry.
2021-08-28T21:26:51.647+0800 [DEBUG] [org.gradle.cache.internal.DefaultFileLockManager] Lock acquired on daemon addresses registry.
2021-08-28T21:26:51.653+0800 [DEBUG] [org.gradle.cache.internal.DefaultFileLockManager] Releasing lock on daemon addresses registry.
2021-08-28T21:26:51.653+0800 [DEBUG] [org.gradle.launcher.daemon.server.DaemonRegistryUpdater] Address removed from registry.
2021-08-28T21:26:51.655+0800 [DEBUG] [org.gradle.cache.internal.LockOnDemandCrossProcessCacheAccess] Releasing file lock for jars (/home/bluehu/Downloads/School/CS2103/ip/caches/jars-3)
2021-08-28T21:26:51.655+0800 [DEBUG] [org.gradle.cache.internal.DefaultFileLockManager] Releasing lock on jars (/home/bluehu/Downloads/School/CS2103/ip/caches/jars-3).
2021-08-28T21:26:51.657+0800 [DEBUG] [org.gradle.cache.internal.DefaultCacheAccess] Cache Artifact transforms cache (/home/bluehu/Downloads/School/CS2103/ip/caches/transforms-2) was closed 0 times.
2021-08-28T21:26:51.657+0800 [DEBUG] [org.gradle.cache.internal.DefaultCacheAccess] Cache artifact cache (/home/bluehu/Downloads/School/CS2103/ip/caches/modules-2) was closed 4 times.
2021-08-28T21:26:51.657+0800 [DEBUG] [org.gradle.cache.internal.DefaultCacheAccess] Cache Generated Gradle JARs cache (/home/bluehu/Downloads/School/CS2103/ip/caches/6.2/generated-gradle-jars) was closed 0 times.
2021-08-28T21:26:51.658+0800 [DEBUG] [org.gradle.cache.internal.LockOnDemandCrossProcessCacheAccess] Releasing file lock for journal cache (/home/bluehu/Downloads/School/CS2103/ip/caches/journal-1)
2021-08-28T21:26:51.658+0800 [DEBUG] [org.gradle.cache.internal.btree.BTreePersistentIndexedCache] Closing cache file-access.bin (/home/bluehu/Downloads/School/CS2103/ip/caches/journal-1/file-access.bin)
2021-08-28T21:26:51.658+0800 [DEBUG] [org.gradle.cache.internal.DefaultFileLockManager] Releasing lock on journal cache (/home/bluehu/Downloads/School/CS2103/ip/caches/journal-1).
2021-08-28T21:26:51.658+0800 [DEBUG] [org.gradle.cache.internal.DefaultCacheAccess] Cache journal cache (/home/bluehu/Downloads/School/CS2103/ip/caches/journal-1) was closed 3 times.
2021-08-28T21:26:51.659+0800 [DEBUG] [org.gradle.cache.internal.VersionSpecificCacheCleanupAction] Processed version-specific caches at /home/bluehu/Downloads/School/CS2103/ip/caches for cleanup in 0.0 secs
Daemon vm is shutting down... The daemon has exited normally or was terminated in response to a user interrupt.
2021-08-28T21:26:51.663+0800 [DEBUG] [org.gradle.launcher.daemon.registry.PersistentDaemonRegistry] Removing daemon address: [a3b360ac-0178-46bc-94c9-ac8cad0305d9 port:37325, addresses:[localhost/127.0.0.1]]
2021-08-28T21:26:51.663+0800 [DEBUG] [org.gradle.cache.internal.DefaultFileLockManager] Waiting to acquire exclusive lock on daemon addresses registry.
2021-08-28T21:26:51.663+0800 [DEBUG] [org.gradle.cache.internal.DefaultFileLockManager] Lock acquired on daemon addresses registry.
2021-08-28T21:26:51.663+0800 [DEBUG] [org.gradle.cache.internal.DefaultFileLockManager] Releasing lock on daemon addresses registry.
