#
# There is insufficient memory for the Java Runtime Environment to continue.
# Native memory allocation (malloc) failed to allocate 295216 bytes for Chunk::new
# Possible reasons:
#   The system is out of physical RAM or swap space
#   The process is running with CompressedOops enabled, and the Java Heap may be blocking the growth of the native heap
# Possible solutions:
#   Reduce memory load on the system
#   Increase physical memory or swap space
#   Check if swap backing store is full
#   Decrease Java heap size (-Xmx/-Xms)
#   Decrease number of Java threads
#   Decrease Java thread stack sizes (-Xss)
#   Set larger code cache with -XX:ReservedCodeCacheSize=
#   JVM is running with Unscaled Compressed Oops mode in which the Java heap is
#     placed in the first 4GB address space. The Java Heap base address is the
#     maximum limit for the native heap growth. Please use -XX:HeapBaseMinAddress
#     to set the Java Heap base and to place the Java Heap above 4GB virtual address.
# This output file may be truncated or incomplete.
#
#  Out of Memory Error (t:/workspace/open/src/hotspot/share/memory/arena.cpp:197), pid=2116, tid=29948
#
# JRE version: OpenJDK Runtime Environment (11.0+28) (build 11+28)
# Java VM: OpenJDK 64-Bit Server VM (11+28, mixed mode, tiered, compressed oops, g1 gc, windows-amd64)
# No core dump will be written. Minidumps are not enabled by default on client versions of Windows
#

---------------  S U M M A R Y ------------

Command Line: -Xmx64m -Xms64m -Dorg.gradle.appname=gradlew org.gradle.wrapper.GradleWrapperMain

Host: AMD Ryzen 9 5950X 16-Core Processor            , 32 cores, 31G,  Windows 10 , 64 bit Build 19041 (10.0.19041.1023)
Time: Wed Sep  1 23:04:35 2021 Malay Peninsula Standard Time elapsed time: 0 seconds (0d 0h 0m 0s)

---------------  T H R E A D  ---------------

Current thread (0x000001e37e72b000):  JavaThread "C2 CompilerThread1" daemon [_thread_in_native, id=29948, stack(0x0000006784f00000,0x0000006785000000)]


Current CompileTask:
C2:    392 1009   !   4       java.util.concurrent.ConcurrentHashMap::putVal (432 bytes)

Stack: [0x0000006784f00000,0x0000006785000000]
Native frames: (J=compiled Java code, j=interpreted, Vv=VM code, C=native code)
V  [jvm.dll+0x63adaa]
V  [jvm.dll+0x77852f]
V  [jvm.dll+0x779b18]
V  [jvm.dll+0x77a1d3]
V  [jvm.dll+0x2624c8]
V  [jvm.dll+0xc5b61]
V  [jvm.dll+0xc60fc]
V  [jvm.dll+0x36e6d7]
V  [jvm.dll+0x33b433]
V  [jvm.dll+0x33a80a]
V  [jvm.dll+0x21c365]
V  [jvm.dll+0x21b50a]
V  [jvm.dll+0x198400]
V  [jvm.dll+0x22a4ff]
V  [jvm.dll+0x228b18]
V  [jvm.dll+0x73dc3d]
V  [jvm.dll+0x639e42]
C  [ucrtbase.dll+0x21bb2]
C  [KERNEL32.DLL+0x17034]
C  [ntdll.dll+0x52651]


---------------  P R O C E S S  ---------------

Threads class SMR info:
_java_thread_list=0x000001e37eec4a90, length=14, elements={
0x000001e360d74000, 0x000001e37d7bf800, 0x000001e37d7ca800, 0x000001e37e153000,
0x000001e37d7dc000, 0x000001e37d7df000, 0x000001e37d7ea800, 0x000001e37d7f0000,
0x000001e37e297800, 0x000001e37e2b0800, 0x000001e37e2b9000, 0x000001e37e72b000,
0x000001e37ecba000, 0x000001e37eeb8800
}

Java Threads: ( => current thread )
  0x000001e360d74000 JavaThread "main" [_thread_in_vm, id=3392, stack(0x0000006783d00000,0x0000006783e00000)]
  0x000001e37d7bf800 JavaThread "Reference Handler" daemon [_thread_blocked, id=30748, stack(0x0000006784400000,0x0000006784500000)]
  0x000001e37d7ca800 JavaThread "Finalizer" daemon [_thread_blocked, id=35000, stack(0x0000006784500000,0x0000006784600000)]
  0x000001e37e153000 JavaThread "Signal Dispatcher" daemon [_thread_blocked, id=22992, stack(0x0000006784600000,0x0000006784700000)]
  0x000001e37d7dc000 JavaThread "Attach Listener" daemon [_thread_blocked, id=30244, stack(0x0000006784700000,0x0000006784800000)]
  0x000001e37d7df000 JavaThread "C2 CompilerThread0" daemon [_thread_blocked, id=24864, stack(0x0000006784800000,0x0000006784900000)]
  0x000001e37d7ea800 JavaThread "C1 CompilerThread0" daemon [_thread_blocked, id=14268, stack(0x0000006784900000,0x0000006784a00000)]
  0x000001e37d7f0000 JavaThread "Sweeper thread" daemon [_thread_blocked, id=30236, stack(0x0000006784a00000,0x0000006784b00000)]
  0x000001e37e297800 JavaThread "C1 CompilerThread1" daemon [_thread_blocked, id=932, stack(0x0000006784b00000,0x0000006784c00000)]
  0x000001e37e2b0800 JavaThread "Service Thread" daemon [_thread_blocked, id=33232, stack(0x0000006784c00000,0x0000006784d00000)]
  0x000001e37e2b9000 JavaThread "Common-Cleaner" daemon [_thread_blocked, id=9628, stack(0x0000006784e00000,0x0000006784f00000)]
=>0x000001e37e72b000 JavaThread "C2 CompilerThread1" daemon [_thread_in_native, id=29948, stack(0x0000006784f00000,0x0000006785000000)]
  0x000001e37ecba000 JavaThread "C1 CompilerThread2" daemon [_thread_blocked, id=22772, stack(0x0000006785000000,0x0000006785100000)]
  0x000001e37eeb8800 JavaThread "pool-1-thread-1" [_thread_blocked, id=21472, stack(0x0000006785100000,0x0000006785200000)]

Other Threads:
  0x000001e37d79d000 VMThread "VM Thread" [stack: 0x0000006784300000,0x0000006784400000] [id=31796]
  0x000001e37e2b1800 WatcherThread [stack: 0x0000006784d00000,0x0000006784e00000] [id=32016]
  0x000001e360d8c800 GCTaskThread "GC Thread#0" [stack: 0x0000006783e00000,0x0000006783f00000] [id=24284]
  0x000001e37eed2000 GCTaskThread "GC Thread#1" [stack: 0x0000006785200000,0x0000006785300000] [id=34296]
  0x000001e37eeaf800 GCTaskThread "GC Thread#2" [stack: 0x0000006785300000,0x0000006785400000] [id=9052]
  0x000001e37ec0b000 GCTaskThread "GC Thread#3" [stack: 0x0000006785400000,0x0000006785500000] [id=13832]
  0x000001e360d97800 ConcurrentGCThread "G1 Main Marker" [stack: 0x0000006783f00000,0x0000006784000000] [id=28928]
  0x000001e360d99000 ConcurrentGCThread "G1 Conc#0" [stack: 0x0000006784000000,0x0000006784100000] [id=32576]
  0x000001e37d610800 ConcurrentGCThread "G1 Refine#0" [stack: 0x0000006784100000,0x0000006784200000] [id=25332]
  0x000001e37d611000 ConcurrentGCThread "G1 Young RemSet Sampling" [stack: 0x0000006784200000,0x0000006784300000] [id=19444]

Threads with active compile tasks:
C2 CompilerThread11009   !   4       java.util.concurrent.ConcurrentHashMap::putVal (432 bytes)

VM state:not at safepoint (normal execution)

VM Mutex/Monitor currently owned by a thread: None

Heap address: 0x00000000fc000000, size: 64 MB, Compressed Oops mode: 32-bit
Narrow klass base: 0x0000000000000000, Narrow klass shift: 3
Compressed class space size: 1073741824 Address: 0x0000000100000000

Heap:
 garbage-first heap   total 65536K, used 14598K [0x00000000fc000000, 0x0000000100000000)
  region size 1024K, 10 young (10240K), 3 survivors (3072K)
 Metaspace       used 13146K, capacity 13439K, committed 13696K, reserved 1079296K
  class space    used 1476K, capacity 1587K, committed 1664K, reserved 1048576K
Heap Regions: E=young(eden), S=young(survivor), O=old, HS=humongous(starts), HC=humongous(continues), CS=collection set, F=free, A=archive, TAMS=top-at-mark-start (previous, next)
|   0|0x00000000fc000000, 0x00000000fc000000, 0x00000000fc100000|  0%| F|  |TAMS 0x00000000fc000000, 0x00000000fc000000| Untracked 
|   1|0x00000000fc100000, 0x00000000fc100000, 0x00000000fc200000|  0%| F|  |TAMS 0x00000000fc100000, 0x00000000fc100000| Untracked 
|   2|0x00000000fc200000, 0x00000000fc200000, 0x00000000fc300000|  0%| F|  |TAMS 0x00000000fc200000, 0x00000000fc200000| Untracked 
|   3|0x00000000fc300000, 0x00000000fc400000, 0x00000000fc400000|100%|HS|  |TAMS 0x00000000fc300000, 0x00000000fc300000| Complete 
|   4|0x00000000fc400000, 0x00000000fc500000, 0x00000000fc500000|100%|HC|  |TAMS 0x00000000fc400000, 0x00000000fc400000| Complete 
|   5|0x00000000fc500000, 0x00000000fc600000, 0x00000000fc600000|100%|HC|  |TAMS 0x00000000fc500000, 0x00000000fc500000| Complete 
|   6|0x00000000fc600000, 0x00000000fc700000, 0x00000000fc700000|100%| O|  |TAMS 0x00000000fc600000, 0x00000000fc600000| Untracked 
|   7|0x00000000fc700000, 0x00000000fc800000, 0x00000000fc800000|100%| O|  |TAMS 0x00000000fc700000, 0x00000000fc700000| Untracked 
|   8|0x00000000fc800000, 0x00000000fc841800, 0x00000000fc900000| 25%| O|  |TAMS 0x00000000fc800000, 0x00000000fc800000| Untracked 
|   9|0x00000000fc900000, 0x00000000fc900000, 0x00000000fca00000|  0%| F|  |TAMS 0x00000000fc900000, 0x00000000fc900000| Untracked 
|  10|0x00000000fca00000, 0x00000000fca00000, 0x00000000fcb00000|  0%| F|  |TAMS 0x00000000fca00000, 0x00000000fca00000| Untracked 
|  11|0x00000000fcb00000, 0x00000000fcb00000, 0x00000000fcc00000|  0%| F|  |TAMS 0x00000000fcb00000, 0x00000000fcb00000| Untracked 
|  12|0x00000000fcc00000, 0x00000000fcc00000, 0x00000000fcd00000|  0%| F|  |TAMS 0x00000000fcc00000, 0x00000000fcc00000| Untracked 
|  13|0x00000000fcd00000, 0x00000000fcd00000, 0x00000000fce00000|  0%| F|  |TAMS 0x00000000fcd00000, 0x00000000fcd00000| Untracked 
|  14|0x00000000fce00000, 0x00000000fce00000, 0x00000000fcf00000|  0%| F|  |TAMS 0x00000000fce00000, 0x00000000fce00000| Untracked 
|  15|0x00000000fcf00000, 0x00000000fcf00000, 0x00000000fd000000|  0%| F|  |TAMS 0x00000000fcf00000, 0x00000000fcf00000| Untracked 
|  16|0x00000000fd000000, 0x00000000fd000000, 0x00000000fd100000|  0%| F|  |TAMS 0x00000000fd000000, 0x00000000fd000000| Untracked 
|  17|0x00000000fd100000, 0x00000000fd100000, 0x00000000fd200000|  0%| F|  |TAMS 0x00000000fd100000, 0x00000000fd100000| Untracked 
|  18|0x00000000fd200000, 0x00000000fd200000, 0x00000000fd300000|  0%| F|  |TAMS 0x00000000fd200000, 0x00000000fd200000| Untracked 
|  19|0x00000000fd300000, 0x00000000fd300000, 0x00000000fd400000|  0%| F|  |TAMS 0x00000000fd300000, 0x00000000fd300000| Untracked 
|  20|0x00000000fd400000, 0x00000000fd400000, 0x00000000fd500000|  0%| F|  |TAMS 0x00000000fd400000, 0x00000000fd400000| Untracked 
|  21|0x00000000fd500000, 0x00000000fd500000, 0x00000000fd600000|  0%| F|  |TAMS 0x00000000fd500000, 0x00000000fd500000| Untracked 
|  22|0x00000000fd600000, 0x00000000fd600000, 0x00000000fd700000|  0%| F|  |TAMS 0x00000000fd600000, 0x00000000fd600000| Untracked 
|  23|0x00000000fd700000, 0x00000000fd700000, 0x00000000fd800000|  0%| F|  |TAMS 0x00000000fd700000, 0x00000000fd700000| Untracked 
|  24|0x00000000fd800000, 0x00000000fd800000, 0x00000000fd900000|  0%| F|  |TAMS 0x00000000fd800000, 0x00000000fd800000| Untracked 
|  25|0x00000000fd900000, 0x00000000fd900000, 0x00000000fda00000|  0%| F|  |TAMS 0x00000000fd900000, 0x00000000fd900000| Untracked 
|  26|0x00000000fda00000, 0x00000000fda00000, 0x00000000fdb00000|  0%| F|  |TAMS 0x00000000fda00000, 0x00000000fda00000| Untracked 
|  27|0x00000000fdb00000, 0x00000000fdb00000, 0x00000000fdc00000|  0%| F|  |TAMS 0x00000000fdb00000, 0x00000000fdb00000| Untracked 
|  28|0x00000000fdc00000, 0x00000000fdc00000, 0x00000000fdd00000|  0%| F|  |TAMS 0x00000000fdc00000, 0x00000000fdc00000| Untracked 
|  29|0x00000000fdd00000, 0x00000000fdd00000, 0x00000000fde00000|  0%| F|  |TAMS 0x00000000fdd00000, 0x00000000fdd00000| Untracked 
|  30|0x00000000fde00000, 0x00000000fde00000, 0x00000000fdf00000|  0%| F|  |TAMS 0x00000000fde00000, 0x00000000fde00000| Untracked 
|  31|0x00000000fdf00000, 0x00000000fdf00000, 0x00000000fe000000|  0%| F|  |TAMS 0x00000000fdf00000, 0x00000000fdf00000| Untracked 
|  32|0x00000000fe000000, 0x00000000fe000000, 0x00000000fe100000|  0%| F|  |TAMS 0x00000000fe000000, 0x00000000fe000000| Untracked 
|  33|0x00000000fe100000, 0x00000000fe100000, 0x00000000fe200000|  0%| F|  |TAMS 0x00000000fe100000, 0x00000000fe100000| Untracked 
|  34|0x00000000fe200000, 0x00000000fe200000, 0x00000000fe300000|  0%| F|  |TAMS 0x00000000fe200000, 0x00000000fe200000| Untracked 
|  35|0x00000000fe300000, 0x00000000fe300000, 0x00000000fe400000|  0%| F|  |TAMS 0x00000000fe300000, 0x00000000fe300000| Untracked 
|  36|0x00000000fe400000, 0x00000000fe400000, 0x00000000fe500000|  0%| F|  |TAMS 0x00000000fe400000, 0x00000000fe400000| Untracked 
|  37|0x00000000fe500000, 0x00000000fe600000, 0x00000000fe600000|100%| S|CS|TAMS 0x00000000fe500000, 0x00000000fe500000| Complete 
|  38|0x00000000fe600000, 0x00000000fe700000, 0x00000000fe700000|100%| S|CS|TAMS 0x00000000fe600000, 0x00000000fe600000| Complete 
|  39|0x00000000fe700000, 0x00000000fe800000, 0x00000000fe800000|100%| S|CS|TAMS 0x00000000fe700000, 0x00000000fe700000| Complete 
|  40|0x00000000fe800000, 0x00000000fe800000, 0x00000000fe900000|  0%| F|  |TAMS 0x00000000fe800000, 0x00000000fe800000| Untracked 
|  41|0x00000000fe900000, 0x00000000fe900000, 0x00000000fea00000|  0%| F|  |TAMS 0x00000000fe900000, 0x00000000fe900000| Untracked 
|  42|0x00000000fea00000, 0x00000000fea00000, 0x00000000feb00000|  0%| F|  |TAMS 0x00000000fea00000, 0x00000000fea00000| Untracked 
|  43|0x00000000feb00000, 0x00000000feb00000, 0x00000000fec00000|  0%| F|  |TAMS 0x00000000feb00000, 0x00000000feb00000| Untracked 
|  44|0x00000000fec00000, 0x00000000fec00000, 0x00000000fed00000|  0%| F|  |TAMS 0x00000000fec00000, 0x00000000fec00000| Untracked 
|  45|0x00000000fed00000, 0x00000000fed00000, 0x00000000fee00000|  0%| F|  |TAMS 0x00000000fed00000, 0x00000000fed00000| Untracked 
|  46|0x00000000fee00000, 0x00000000fee00000, 0x00000000fef00000|  0%| F|  |TAMS 0x00000000fee00000, 0x00000000fee00000| Untracked 
|  47|0x00000000fef00000, 0x00000000fef00000, 0x00000000ff000000|  0%| F|  |TAMS 0x00000000fef00000, 0x00000000fef00000| Untracked 
|  48|0x00000000ff000000, 0x00000000ff000000, 0x00000000ff100000|  0%| F|  |TAMS 0x00000000ff000000, 0x00000000ff000000| Untracked 
|  49|0x00000000ff100000, 0x00000000ff100000, 0x00000000ff200000|  0%| F|  |TAMS 0x00000000ff100000, 0x00000000ff100000| Untracked 
|  50|0x00000000ff200000, 0x00000000ff200000, 0x00000000ff300000|  0%| F|  |TAMS 0x00000000ff200000, 0x00000000ff200000| Untracked 
|  51|0x00000000ff300000, 0x00000000ff300000, 0x00000000ff400000|  0%| F|  |TAMS 0x00000000ff300000, 0x00000000ff300000| Untracked 
|  52|0x00000000ff400000, 0x00000000ff400000, 0x00000000ff500000|  0%| F|  |TAMS 0x00000000ff400000, 0x00000000ff400000| Untracked 
|  53|0x00000000ff500000, 0x00000000ff500000, 0x00000000ff600000|  0%| F|  |TAMS 0x00000000ff500000, 0x00000000ff500000| Untracked 
|  54|0x00000000ff600000, 0x00000000ff600000, 0x00000000ff700000|  0%| F|  |TAMS 0x00000000ff600000, 0x00000000ff600000| Untracked 
|  55|0x00000000ff700000, 0x00000000ff700000, 0x00000000ff800000|  0%| F|  |TAMS 0x00000000ff700000, 0x00000000ff700000| Untracked 
|  56|0x00000000ff800000, 0x00000000ff880640, 0x00000000ff900000| 50%| E|  |TAMS 0x00000000ff800000, 0x00000000ff800000| Complete 
|  57|0x00000000ff900000, 0x00000000ffa00000, 0x00000000ffa00000|100%| E|CS|TAMS 0x00000000ff900000, 0x00000000ff900000| Complete 
|  58|0x00000000ffa00000, 0x00000000ffb00000, 0x00000000ffb00000|100%| E|CS|TAMS 0x00000000ffa00000, 0x00000000ffa00000| Complete 
|  59|0x00000000ffb00000, 0x00000000ffc00000, 0x00000000ffc00000|100%| E|CS|TAMS 0x00000000ffb00000, 0x00000000ffb00000| Complete 
|  60|0x00000000ffc00000, 0x00000000ffd00000, 0x00000000ffd00000|100%| E|CS|TAMS 0x00000000ffc00000, 0x00000000ffc00000| Complete 
|  61|0x00000000ffd00000, 0x00000000ffe00000, 0x00000000ffe00000|100%| E|CS|TAMS 0x00000000ffd00000, 0x00000000ffd00000| Complete 
|  62|0x00000000ffe00000, 0x00000000fff00000, 0x00000000fff00000|100%| E|CS|TAMS 0x00000000ffe00000, 0x00000000ffe00000| Complete 
|  63|0x00000000fff00000, 0x0000000100000000, 0x0000000100000000|100%| E|CS|TAMS 0x00000000fff00000, 0x00000000fff00000| Complete 

Card table byte_map: [0x000001e379b40000,0x000001e379b60000] _byte_map_base: 0x000001e379360000

Marking Bits (Prev, Next): (CMBitMap*) 0x000001e360d948f8, (CMBitMap*) 0x000001e360d94930
 Prev Bits: [0x000001e379b80000, 0x000001e379c80000)
 Next Bits: [0x000001e379c80000, 0x000001e379d80000)

Polling page: 0x000001e360c60000

Metaspace:

Usage:
  Non-class:     11.57 MB capacity,    11.41 MB ( 99%) used,   151.33 KB (  1%) free+waste,    16.81 KB ( <1%) overhead. 
      Class:      1.55 MB capacity,     1.45 MB ( 93%) used,    97.11 KB (  6%) free+waste,     8.25 KB ( <1%) overhead. 
       Both:     13.12 MB capacity,    12.86 MB ( 98%) used,   248.44 KB (  2%) free+waste,    25.06 KB ( <1%) overhead. 

Virtual space:
  Non-class space:       30.00 MB reserved,      11.75 MB ( 39%) committed 
      Class space:        1.00 GB reserved,       1.63 MB ( <1%) committed 
             Both:        1.03 GB reserved,      13.38 MB (  1%) committed 

Chunk freelists:
   Non-Class:  6.50 KB
       Class:  1.63 KB
        Both:  8.13 KB

CodeHeap 'non-profiled nmethods': size=118912Kb used=351Kb max_used=351Kb free=118560Kb
 bounds [0x000001e370c70000, 0x000001e370ee0000, 0x000001e378090000]
CodeHeap 'profiled nmethods': size=118848Kb used=2035Kb max_used=2035Kb free=116812Kb
 bounds [0x000001e369860000, 0x000001e369ad0000, 0x000001e370c70000]
CodeHeap 'non-nmethods': size=8000Kb used=2216Kb max_used=2229Kb free=5784Kb
 bounds [0x000001e369090000, 0x000001e369300000, 0x000001e369860000]
 total_blobs=1663 nmethods=1029 adapters=309
 compilation: enabled
              stopped_count=0, restarted_count=0
 full_count=0

Compilation events (10 events):
Event: 0.388 Thread 0x000001e37d7ea800 1022       3       sun.reflect.generics.parser.SignatureParser::skipIdentifier (67 bytes)
Event: 0.389 Thread 0x000001e37ecba000 1023       1       org.gradle.internal.service.DefaultServiceRegistry$OwnServices::access$1100 (5 bytes)
Event: 0.389 Thread 0x000001e37ecba000 nmethod 1023 0x000001e370cc5b10 code [0x000001e370cc5cc0, 0x000001e370cc5db8]
Event: 0.389 Thread 0x000001e37d7ea800 nmethod 1022 0x000001e369a5a690 code [0x000001e369a5a8c0, 0x000001e369a5aeb0]
Event: 0.389 Thread 0x000001e37e297800 1024       1       java.lang.reflect.Method::getGenericSignature (5 bytes)
Event: 0.389 Thread 0x000001e37e297800 nmethod 1024 0x000001e370cc6390 code [0x000001e370cc6540, 0x000001e370cc6658]
Event: 0.390 Thread 0x000001e37ecba000 1026       3       java.lang.Class::cast (27 bytes)
Event: 0.390 Thread 0x000001e37d7df000 nmethod 1018% 0x000001e370cc6710 code [0x000001e370cc68c0, 0x000001e370cc6c18]
Event: 0.390 Thread 0x000001e37d7df000 1020       4       java.lang.String::lastIndexOf (29 bytes)
Event: 0.390 Thread 0x000001e37ecba000 nmethod 1026 0x000001e369a5b090 code [0x000001e369a5b260, 0x000001e369a5b580]

GC Heap History (2 events):
Event: 0.343 GC heap before
{Heap before GC invocations=0 (full 0):
 garbage-first heap   total 65536K, used 29696K [0x00000000fc000000, 0x0000000100000000)
  region size 1024K, 24 young (24576K), 0 survivors (0K)
 Metaspace       used 11432K, capacity 11583K, committed 11776K, reserved 1062912K
  class space    used 1195K, capacity 1263K, committed 1280K, reserved 1048576K
}
Event: 0.345 GC heap after
{Heap after GC invocations=1 (full 0):
 garbage-first heap   total 65536K, used 8454K [0x00000000fc000000, 0x0000000100000000)
  region size 1024K, 3 young (3072K), 3 survivors (3072K)
 Metaspace       used 11432K, capacity 11583K, committed 11776K, reserved 1062912K
  class space    used 1195K, capacity 1263K, committed 1280K, reserved 1048576K
}

Deoptimization events (10 events):
Event: 0.222 Thread 0x000001e360d74000 Uncommon trap: reason=class_check action=maybe_recompile pc=0x000001e370c947b4 method=java.util.HashMap.putVal(ILjava/lang/Object;Ljava/lang/Object;ZZ)Ljava/lang/Object; @ 91 c2
Event: 0.222 Thread 0x000001e360d74000 Uncommon trap: reason=class_check action=maybe_recompile pc=0x000001e370c947b4 method=java.util.HashMap.putVal(ILjava/lang/Object;Ljava/lang/Object;ZZ)Ljava/lang/Object; @ 91 c2
Event: 0.222 Thread 0x000001e360d74000 Uncommon trap: reason=class_check action=maybe_recompile pc=0x000001e370c947b4 method=java.util.HashMap.putVal(ILjava/lang/Object;Ljava/lang/Object;ZZ)Ljava/lang/Object; @ 91 c2
Event: 0.275 Thread 0x000001e360d74000 Uncommon trap: reason=unstable_if action=reinterpret pc=0x000001e370c8c878 method=java.util.regex.Matcher.reset()Ljava/util/regex/Matcher; @ 47 c2
Event: 0.275 Thread 0x000001e360d74000 Uncommon trap: reason=class_check action=maybe_recompile pc=0x000001e370c8debc method=java.util.regex.Matcher.match(II)Z @ 121 c2
Event: 0.275 Thread 0x000001e360d74000 Uncommon trap: reason=class_check action=maybe_recompile pc=0x000001e370c8debc method=java.util.regex.Matcher.match(II)Z @ 121 c2
Event: 0.276 Thread 0x000001e360d74000 Uncommon trap: reason=class_check action=maybe_recompile pc=0x000001e370c8debc method=java.util.regex.Matcher.match(II)Z @ 121 c2
Event: 0.276 Thread 0x000001e360d74000 Uncommon trap: reason=class_check action=maybe_recompile pc=0x000001e370c8debc method=java.util.regex.Matcher.match(II)Z @ 121 c2
Event: 0.385 Thread 0x000001e360d74000 Uncommon trap: reason=unstable_if action=reinterpret pc=0x000001e370cb7be0 method=java.util.HashMap.hash(Ljava/lang/Object;)I @ 1 c2
Event: 0.385 Thread 0x000001e360d74000 Uncommon trap: reason=unstable_if action=reinterpret pc=0x000001e370c8f42c method=java.util.HashMap.hash(Ljava/lang/Object;)I @ 1 c2

Classes redefined (0 events):
No events

Internal exceptions (10 events):
Event: 0.099 Thread 0x000001e360d74000 Exception <a 'java/lang/NoSuchMethodError'{0x00000000ffc44d50}: java.lang.invoke.DirectMethodHandle$Holder.invokeStaticInit(Ljava/lang/Object;Ljava/lang/Object;)I> (0x00000000ffc44d50) thrown at [t:/workspace/open/src/hotspot/share/interpreter/linkResolve
Event: 0.116 Thread 0x000001e360d74000 Exception <a 'java/lang/NoSuchMethodError'{0x00000000ffcf8e48}: java.lang.invoke.DirectMethodHandle$Holder.invokeSpecial(Ljava/lang/Object;Ljava/lang/Object;Ljava/lang/Object;Ljava/lang/Object;)I> (0x00000000ffcf8e48) thrown at [t:/workspace/open/src/hots
Event: 0.119 Thread 0x000001e360d74000 Exception <a 'java/lang/NoSuchMethodError'{0x00000000ffb291a0}: java.lang.invoke.DirectMethodHandle$Holder.invokeSpecialIFC(Ljava/lang/Object;Ljava/lang/Object;I)I> (0x00000000ffb291a0) thrown at [t:/workspace/open/src/hotspot/share/interpreter/linkResolv
Event: 0.284 Thread 0x000001e360d74000 Exception <a 'java/lang/NoSuchMethodError'{0x00000000fedf9be8}: java.lang.invoke.DirectMethodHandle$Holder.invokeVirtual(Ljava/lang/Object;Ljava/lang/Object;Ljava/lang/Object;Ljava/lang/Object;Ljava/lang/Object;)Ljava/lang/Object;> (0x00000000fedf9be8) th
Event: 0.332 Thread 0x000001e360d74000 Exception <a 'java/lang/NoClassDefFoundError'{0x00000000fe95b740}: org/slf4j/impl/StaticMarkerBinder> (0x00000000fe95b740) thrown at [t:/workspace/open/src/hotspot/share/classfile/systemDictionary.cpp, line 220]
Event: 0.356 Thread 0x000001e360d74000 Exception <a 'java/lang/NoSuchMethodError'{0x00000000ffe72438}: java.lang.invoke.Invokers$Holder.invoker(Ljava/lang/Object;Ljava/lang/Object;Ljava/lang/Object;Ljava/lang/Object;Ljava/lang/Object;)Ljava/lang/Object;> (0x00000000ffe72438) thrown at [t:/work
Event: 0.357 Thread 0x000001e360d74000 Exception <a 'java/lang/NoSuchMethodError'{0x00000000ffe839e8}: java.lang.invoke.DelegatingMethodHandle$Holder.delegate(Ljava/lang/Object;Ljava/lang/Object;ILjava/lang/Object;)V> (0x00000000ffe839e8) thrown at [t:/workspace/open/src/hotspot/share/interpre
Event: 0.381 Thread 0x000001e360d74000 Exception <a 'java/lang/NoSuchMethodError'{0x00000000ffcf8e18}: java.lang.invoke.DirectMethodHandle$Holder.invokeStaticInit(Ljava/lang/Object;Ljava/lang/Object;Ljava/lang/Object;)Ljava/lang/Object;> (0x00000000ffcf8e18) thrown at [t:/workspace/open/src/ho
Event: 0.385 Thread 0x000001e360d74000 Implicit null exception at 0x000001e370cb79f5 to 0x000001e370cb7bce
Event: 0.385 Thread 0x000001e360d74000 Implicit null exception at 0x000001e370c8f3af to 0x000001e370c8f41d

Events (10 events):
Event: 0.390 loading class org/gradle/internal/nativeintegration/processenvironment/AbstractProcessEnvironment
Event: 0.390 loading class org/gradle/internal/nativeintegration/processenvironment/AbstractProcessEnvironment done
Event: 0.390 loading class org/gradle/internal/nativeintegration/ReflectiveEnvironment
Event: 0.390 loading class org/gradle/internal/nativeintegration/ReflectiveEnvironment done
Event: 0.390 loading class net/rubygrapefruit/platform/internal/jni/PosixProcessFunctions
Event: 0.390 loading class net/rubygrapefruit/platform/internal/jni/PosixProcessFunctions done
Event: 0.391 loading class org/gradle/launcher/daemon/context/DefaultDaemonContext
Event: 0.391 loading class org/gradle/launcher/daemon/context/DefaultDaemonContext done
Event: 0.391 loading class org/gradle/launcher/daemon/context/DefaultDaemonContext$Serializer
Event: 0.391 loading class org/gradle/launcher/daemon/context/DefaultDaemonContext$Serializer done


Dynamic libraries:
0x00007ff7a1d90000 - 0x00007ff7a1dd5000 	C:\Users\Danny\Downloads\jdk-11\bin\java.exe
0x00007ffb29c50000 - 0x00007ffb29e45000 	C:\Windows\SYSTEM32\ntdll.dll
0x00007ffb29970000 - 0x00007ffb29a2d000 	C:\Windows\System32\KERNEL32.DLL
0x00007ffb27520000 - 0x00007ffb277e9000 	C:\Windows\System32\KERNELBASE.dll
0x00007ffb297a0000 - 0x00007ffb29940000 	C:\Windows\System32\USER32.dll
0x00007ffb27a60000 - 0x00007ffb27a82000 	C:\Windows\System32\win32u.dll
0x00007ffb29940000 - 0x00007ffb2996a000 	C:\Windows\System32\GDI32.dll
0x00007ffb277f0000 - 0x00007ffb278fb000 	C:\Windows\System32\gdi32full.dll
0x00007ffb27390000 - 0x00007ffb2742d000 	C:\Windows\System32\msvcp_win.dll
0x00007ffb27a90000 - 0x00007ffb27b90000 	C:\Windows\System32\ucrtbase.dll
0x00007ffb18a00000 - 0x00007ffb18c9a000 	C:\Windows\WinSxS\amd64_microsoft.windows.common-controls_6595b64144ccf1df_6.0.19041.1110_none_60b5254171f9507e\COMCTL32.dll
0x00007ffb287f0000 - 0x00007ffb2888e000 	C:\Windows\System32\msvcrt.dll
0x00007ffb295f0000 - 0x00007ffb29620000 	C:\Windows\System32\IMM32.DLL
0x00007ffaf7400000 - 0x00007ffaf7416000 	C:\Users\Danny\Downloads\jdk-11\bin\vcruntime140.dll
0x00007ffaeced0000 - 0x00007ffaecf7a000 	C:\Users\Danny\Downloads\jdk-11\bin\msvcp140.dll
0x00007ffae6000000 - 0x00007ffae6b41000 	C:\Users\Danny\Downloads\jdk-11\bin\server\jvm.dll
0x00007ffb28740000 - 0x00007ffb287ec000 	C:\Windows\System32\ADVAPI32.dll
0x00007ffb29b60000 - 0x00007ffb29bfb000 	C:\Windows\System32\sechost.dll
0x00007ffb28080000 - 0x00007ffb281aa000 	C:\Windows\System32\RPCRT4.dll
0x00007ffb28730000 - 0x00007ffb28738000 	C:\Windows\System32\PSAPI.DLL
0x00007ffb1a720000 - 0x00007ffb1a747000 	C:\Windows\SYSTEM32\WINMM.dll
0x00007ffb03d00000 - 0x00007ffb03d09000 	C:\Windows\SYSTEM32\WSOCK32.dll
0x00007ffb1c4d0000 - 0x00007ffb1c4da000 	C:\Windows\SYSTEM32\VERSION.dll
0x00007ffb28960000 - 0x00007ffb289cb000 	C:\Windows\System32\WS2_32.dll
0x00007ffb25c60000 - 0x00007ffb25c72000 	C:\Windows\SYSTEM32\kernel.appcore.dll
0x00007ffaf6c30000 - 0x00007ffaf6c41000 	C:\Users\Danny\Downloads\jdk-11\bin\verify.dll
0x00007ffb25a00000 - 0x00007ffb25be4000 	C:\Windows\SYSTEM32\DBGHELP.DLL
0x00007ffb19fa0000 - 0x00007ffb19fcc000 	C:\Windows\SYSTEM32\dbgcore.DLL
0x00007ffb27430000 - 0x00007ffb274b3000 	C:\Windows\System32\bcryptPrimitives.dll
0x00007ffaecb10000 - 0x00007ffaecb38000 	C:\Users\Danny\Downloads\jdk-11\bin\java.dll
0x00007ffaf6990000 - 0x00007ffaf69a6000 	C:\Users\Danny\Downloads\jdk-11\bin\zip.dll
0x00007ffb070f0000 - 0x00007ffb070fa000 	C:\Users\Danny\Downloads\jdk-11\bin\jimage.dll
0x00007ffb28be0000 - 0x00007ffb2931f000 	C:\Windows\System32\SHELL32.dll
0x00007ffb25260000 - 0x00007ffb259f1000 	C:\Windows\SYSTEM32\windows.storage.dll
0x00007ffb27d20000 - 0x00007ffb28075000 	C:\Windows\System32\combase.dll
0x00007ffb26d20000 - 0x00007ffb26d4c000 	C:\Windows\SYSTEM32\Wldp.dll
0x00007ffb296e0000 - 0x00007ffb2978e000 	C:\Windows\System32\SHCORE.dll
0x00007ffb27cc0000 - 0x00007ffb27d15000 	C:\Windows\System32\shlwapi.dll
0x00007ffb272d0000 - 0x00007ffb272ef000 	C:\Windows\SYSTEM32\profapi.dll
0x00007ffaf65e0000 - 0x00007ffaf65f9000 	C:\Users\Danny\Downloads\jdk-11\bin\net.dll
0x00007ffb1de50000 - 0x00007ffb1df5a000 	C:\Windows\SYSTEM32\WINHTTP.dll
0x00007ffb26b00000 - 0x00007ffb26b6a000 	C:\Windows\system32\mswsock.dll
0x00007ffaf43f0000 - 0x00007ffaf4403000 	C:\Users\Danny\Downloads\jdk-11\bin\nio.dll
0x00007ffaf9f40000 - 0x00007ffaf9f6a000 	C:\Users\Danny\.gradle\native\36\windows-amd64\native-platform.dll
0x00007ffb0dbb0000 - 0x00007ffb0dbba000 	C:\Users\Danny\.gradle\native\jansi\1.18\windows64\jansi.dll
0x00007ffb07ca0000 - 0x00007ffb07ca9000 	C:\Users\Danny\Downloads\jdk-11\bin\management.dll
0x00007ffb07b50000 - 0x00007ffb07b5c000 	C:\Users\Danny\Downloads\jdk-11\bin\management_ext.dll

dbghelp: loaded successfully - version: 4.0.5 - missing functions: none
symbol engine: initialized successfully - sym options: 0x614 - pdb path: .;C:\Users\Danny\Downloads\jdk-11\bin;C:\Windows\SYSTEM32;C:\Windows\WinSxS\amd64_microsoft.windows.common-controls_6595b64144ccf1df_6.0.19041.1110_none_60b5254171f9507e;C:\Users\Danny\Downloads\jdk-11\bin\server;C:\Users\Danny\.gradle\native\36\windows-amd64;C:\Users\Danny\.gradle\native\jansi\1.18\windows64

VM Arguments:
jvm_args: -Xmx64m -Xms64m -Dorg.gradle.appname=gradlew 
java_command: org.gradle.wrapper.GradleWrapperMain
java_class_path (initial): C:\Users\Danny\Google Drive\School\Y3S1\CS2103T\iP_gradle\\gradle\wrapper\gradle-wrapper.jar
Launcher Type: SUN_STANDARD

[Global flags]
     intx CICompilerCount                          = 15                                        {product} {ergonomic}
     uint ConcGCThreads                            = 6                                         {product} {ergonomic}
     uint G1ConcRefinementThreads                  = 23                                        {product} {ergonomic}
   size_t G1HeapRegionSize                         = 1048576                                   {product} {ergonomic}
    uintx GCDrainStackTargetSize                   = 64                                        {product} {ergonomic}
   size_t InitialHeapSize                          = 67108864                                  {product} {command line}
   size_t MarkStackSize                            = 4194304                                   {product} {ergonomic}
   size_t MaxHeapSize                              = 67108864                                  {product} {command line}
   size_t MaxNewSize                               = 39845888                                  {product} {ergonomic}
   size_t MinHeapDeltaBytes                        = 1048576                                   {product} {ergonomic}
    uintx NonNMethodCodeHeapSize                   = 8178940                                {pd product} {ergonomic}
    uintx NonProfiledCodeHeapSize                  = 121739650                              {pd product} {ergonomic}
    uintx ProfiledCodeHeapSize                     = 121739650                              {pd product} {ergonomic}
    uintx ReservedCodeCacheSize                    = 251658240                              {pd product} {ergonomic}
     bool SegmentedCodeCache                       = true                                      {product} {ergonomic}
     bool UseCompressedClassPointers               = true                                 {lp64_product} {ergonomic}
     bool UseCompressedOops                        = true                                 {lp64_product} {ergonomic}
     bool UseG1GC                                  = true                                      {product} {ergonomic}
     bool UseLargePagesIndividualAllocation        = false                                  {pd product} {ergonomic}

Logging:
Log output configuration:
 #0: stdout all=warning uptime,level,tags
 #1: stderr all=off uptime,level,tags

Environment Variables:
JAVA_HOME=C:\Users\Danny\Downloads\jdk-11
CLASSPATH=C:\Users\Danny\Google Drive\School\Y3S1\CS2103T\iP_gradle\\gradle\wrapper\gradle-wrapper.jar
PATH=C:\Program Files (x86)\Common Files\Oracle\Java\javapath;C:\Program Files\NVIDIA GPU Computing Toolkit\CUDA\v11.3\bin;C:\Program Files\NVIDIA GPU Computing Toolkit\CUDA\v11.3\libnvvp;C:\Windows\system32;C:\Windows;C:\Windows\System32\Wbem;C:\Windows\System32\WindowsPowerShell\v1.0\;C:\Windows\System32\OpenSSH\;C:\Program Files\NVIDIA Corporation\NVIDIA NvDLISR;C:\Program Files (x86)\NVIDIA Corporation\PhysX\Common;C:\Program Files\dotnet\;C:\Program Files (x86)\Pulse Secure\VC142.CRT\X64\;C:\Program Files (x86)\Pulse Secure\VC142.CRT\X86\;C:\Program Files\PuTTY\;C:\Program Files\NVIDIA Corporation\Nsight Compute 2021.1.0\;C:\Program Files\Git\cmd;C:\Program Files\Git\mingw64\bin;C:\Program Files\Git\usr\bin;C:\Ruby27\bin;C:\Users\Danny\AppData\Local\Programs\Python\Python39\Scripts\;C:\Users\Danny\AppData\Local\Programs\Python\Python39\;C:\Users\Danny\AppData\Local\Microsoft\WindowsApps;C:\Users\Danny\.dotnet\tools;C:\Program Files (x86)\FAHClient;C:\Program Files (x86)\SSH Communications Security\SSH Secure Shell;C:\Users\Danny\AppData\Local\Programs\MiKTeX\miktex\bin\x64\;C:\Users\Danny\Downloads\ffmpeg-2021-04-25-git-d98884be41-full_build\bin;C:\Program Files\Git\cmd;C:\Program Files (x86)\Vim\vim82;C:\Program Files\heroku\bin;C:\Users\Danny\Downloads\jdk-11\bin;;C:\Users\Danny\AppData\Local\Programs\Microsoft VS Code\bin
USERNAME=Danny
OS=Windows_NT
PROCESSOR_IDENTIFIER=AMD64 Family 25 Model 33 Stepping 0, AuthenticAMD



---------------  S Y S T E M  ---------------

OS: Windows 10 , 64 bit Build 19041 (10.0.19041.1023)

CPU:total 32 (initial active 32) (32 cores per cpu, 2 threads per core) family 25 model 33 stepping 0, cmov, cx8, fxsr, mmx, sse, sse2, sse3, ssse3, sse4.1, sse4.2, popcnt, avx, avx2, aes, clmul, erms, mmxext, 3dnowpref, lzcnt, sse4a, ht, tsc, tscinvbit, tscinv, bmi1, bmi2, adx, sha, fma

Memory: 4k page, system-wide physical 32710M (16581M free)
TotalPageFile size 131014M (AvailPageFile size 4M)
current process WorkingSet (physical memory assigned to process): 84M, peak: 84M
current process commit charge ("private bytes"): 188M, peak: 188M

vm_info: OpenJDK 64-Bit Server VM (11+28) for windows-amd64 JRE (11+28), built on Aug 23 2018 03:04:58 by "mach5one" with MS VC++ 15.5 (VS2017)

END.
