#
# There is insufficient memory for the Java Runtime Environment to continue.
# Native memory allocation (malloc) failed to allocate 32744 bytes for ChunkPool::allocate
# Possible reasons:
#   The system is out of physical RAM or swap space
#   The process is running with CompressedOops enabled, and the Java Heap may be blocking the growth of the native heap
# Possible solutions:
#   Reduce memory load on the system
#   Increase physical memory or swap space
#   Check if swap backing store is full
#   Decrease Java heap size (-Xmx/-Xms)
#   Decrease number of Java threads
#   Decrease Java thread stack sizes (-Xss)
#   Set larger code cache with -XX:ReservedCodeCacheSize=
#   JVM is running with Unscaled Compressed Oops mode in which the Java heap is
#     placed in the first 4GB address space. The Java Heap base address is the
#     maximum limit for the native heap growth. Please use -XX:HeapBaseMinAddress
#     to set the Java Heap base and to place the Java Heap above 4GB virtual address.
# This output file may be truncated or incomplete.
#
#  Out of Memory Error (./open/src/hotspot/share/memory/arena.cpp:81), pid=11376, tid=18284
#
# JRE version: Java(TM) SE Runtime Environment 18.9 (11.0.12+8) (build 11.0.12+8-LTS-237)
# Java VM: Java HotSpot(TM) 64-Bit Server VM 18.9 (11.0.12+8-LTS-237, mixed mode, tiered, compressed oops, g1 gc, windows-amd64)
# No core dump will be written. Minidumps are not enabled by default on client versions of Windows
#

---------------  S U M M A R Y ------------

Command Line: -javaagent:C:\Program Files\JetBrains\IntelliJ IDEA 2021.2\lib\idea_rt.jar=63296:C:\Program Files\JetBrains\IntelliJ IDEA 2021.2\bin -Dfile.encoding=UTF-8 Duke

Host: Intel(R) Core(TM) i5-7300U CPU @ 2.60GHz, 4 cores, 7G,  Windows 10 , 64 bit Build 19041 (10.0.19041.1151)
Time: Thu Aug 26 22:40:39 2021 Malay Peninsula Standard Time elapsed time: 9.108743 seconds (0d 0h 0m 9s)

---------------  T H R E A D  ---------------

Current thread (0x000001b3f3af8800):  JavaThread "C1 CompilerThread0" daemon [_thread_in_native, id=18284, stack(0x000000b374400000,0x000000b374500000)]


Current CompileTask:
C1:   9109  345       3       jdk.internal.org.objectweb.asm.Frame::execute (2264 bytes)

Stack: [0x000000b374400000,0x000000b374500000]
Native frames: (J=compiled Java code, j=interpreted, Vv=VM code, C=native code)
V  [jvm.dll+0x617d9a]
V  [jvm.dll+0x74eeef]
V  [jvm.dll+0x750599]
V  [jvm.dll+0x750c23]
V  [jvm.dll+0x2438d8]
V  [jvm.dll+0xba93b]
V  [jvm.dll+0xbac9c]
V  [jvm.dll+0x14c3f9]
V  [jvm.dll+0x1585b2]
V  [jvm.dll+0x15cd57]
V  [jvm.dll+0x14babe]
V  [jvm.dll+0x1380a0]
V  [jvm.dll+0x1204f9]
V  [jvm.dll+0x11fdff]
V  [jvm.dll+0x12002f]
V  [jvm.dll+0x11f2d7]
V  [jvm.dll+0x1211e7]
V  [jvm.dll+0x20b87c]
V  [jvm.dll+0x20997b]
V  [jvm.dll+0x716359]
V  [jvm.dll+0x70f064]
V  [jvm.dll+0x616f66]
C  [ucrtbase.dll+0x21bb2]
C  [KERNEL32.DLL+0x17034]
C  [ntdll.dll+0x52651]


---------------  P R O C E S S  ---------------

Threads class SMR info:
_java_thread_list=0x000001b3f47edfa0, length=11, elements={
0x000001b3d36a3800, 0x000001b3f3aeb000, 0x000001b3f3adb800, 0x000001b3f4472800,
0x000001b3f4473000, 0x000001b3f3af2800, 0x000001b3f3af5800, 0x000001b3f3af8800,
0x000001b3f44a0000, 0x000001b3d3788000, 0x000001b3f463a000
}

Java Threads: ( => current thread )
  0x000001b3d36a3800 JavaThread "main" [_thread_in_vm, id=18888, stack(0x000000b373700000,0x000000b373800000)]
  0x000001b3f3aeb000 JavaThread "Reference Handler" daemon [_thread_blocked, id=14532, stack(0x000000b373e00000,0x000000b373f00000)]
  0x000001b3f3adb800 JavaThread "Finalizer" daemon [_thread_blocked, id=3936, stack(0x000000b373f00000,0x000000b374000000)]
  0x000001b3f4472800 JavaThread "Signal Dispatcher" daemon [_thread_blocked, id=17232, stack(0x000000b374000000,0x000000b374100000)]
  0x000001b3f4473000 JavaThread "Attach Listener" daemon [_thread_blocked, id=6404, stack(0x000000b374100000,0x000000b374200000)]
  0x000001b3f3af2800 JavaThread "Service Thread" daemon [_thread_blocked, id=13780, stack(0x000000b374200000,0x000000b374300000)]
  0x000001b3f3af5800 JavaThread "C2 CompilerThread0" daemon [_thread_blocked, id=16484, stack(0x000000b374300000,0x000000b374400000)]
=>0x000001b3f3af8800 JavaThread "C1 CompilerThread0" daemon [_thread_in_native, id=18284, stack(0x000000b374400000,0x000000b374500000)]
  0x000001b3f44a0000 JavaThread "Sweeper thread" daemon [_thread_blocked, id=14340, stack(0x000000b374500000,0x000000b374600000)]
  0x000001b3d3788000 JavaThread "Common-Cleaner" daemon [_thread_blocked, id=7268, stack(0x000000b374600000,0x000000b374700000)]
  0x000001b3f463a000 JavaThread "Monitor Ctrl-Break" daemon [_thread_in_native, id=4188, stack(0x000000b374700000,0x000000b374800000)]

Other Threads:
  0x000001b3f3ab6800 VMThread "VM Thread" [stack: 0x000000b373d00000,0x000000b373e00000] [id=14520]
  0x000001b3f4640000 WatcherThread [stack: 0x000000b374800000,0x000000b374900000] [id=19204]
  0x000001b3d36b9800 GCTaskThread "GC Thread#0" [stack: 0x000000b373800000,0x000000b373900000] [id=2056]
  0x000001b3d36e8800 ConcurrentGCThread "G1 Main Marker" [stack: 0x000000b373900000,0x000000b373a00000] [id=16576]
  0x000001b3d36ea000 ConcurrentGCThread "G1 Conc#0" [stack: 0x000000b373a00000,0x000000b373b00000] [id=15988]
  0x000001b3d377a800 ConcurrentGCThread "G1 Refine#0" [stack: 0x000000b373b00000,0x000000b373c00000] [id=18856]
  0x000001b3d377d000 ConcurrentGCThread "G1 Young RemSet Sampling" [stack: 0x000000b373c00000,0x000000b373d00000] [id=18684]

Threads with active compile tasks:
C1 CompilerThread0   9169  345       3       jdk.internal.org.objectweb.asm.Frame::execute (2264 bytes)

VM state:not at safepoint (normal execution)

VM Mutex/Monitor currently owned by a thread: None

Heap address: 0x0000000081400000, size: 2028 MB, Compressed Oops mode: 32-bit
Narrow klass base: 0x0000000000000000, Narrow klass shift: 3
Compressed class space size: 1073741824 Address: 0x0000000100000000

Heap:
 garbage-first heap   total 131072K, used 3072K [0x0000000081400000, 0x0000000100000000)
  region size 1024K, 4 young (4096K), 0 survivors (0K)
 Metaspace       used 8203K, capacity 8319K, committed 8576K, reserved 1056768K
  class space    used 745K, capacity 770K, committed 896K, reserved 1048576K
Heap Regions: E=young(eden), S=young(survivor), O=old, HS=humongous(starts), HC=humongous(continues), CS=collection set, F=free, A=archive, TAMS=top-at-mark-start (previous, next)
|   0|0x0000000081400000, 0x0000000081400000, 0x0000000081500000|  0%| F|  |TAMS 0x0000000081400000, 0x0000000081400000| Untracked 
|   1|0x0000000081500000, 0x0000000081500000, 0x0000000081600000|  0%| F|  |TAMS 0x0000000081500000, 0x0000000081500000| Untracked 
|   2|0x0000000081600000, 0x0000000081600000, 0x0000000081700000|  0%| F|  |TAMS 0x0000000081600000, 0x0000000081600000| Untracked 
|   3|0x0000000081700000, 0x0000000081700000, 0x0000000081800000|  0%| F|  |TAMS 0x0000000081700000, 0x0000000081700000| Untracked 
|   4|0x0000000081800000, 0x0000000081800000, 0x0000000081900000|  0%| F|  |TAMS 0x0000000081800000, 0x0000000081800000| Untracked 
|   5|0x0000000081900000, 0x0000000081900000, 0x0000000081a00000|  0%| F|  |TAMS 0x0000000081900000, 0x0000000081900000| Untracked 
|   6|0x0000000081a00000, 0x0000000081a00000, 0x0000000081b00000|  0%| F|  |TAMS 0x0000000081a00000, 0x0000000081a00000| Untracked 
|   7|0x0000000081b00000, 0x0000000081b00000, 0x0000000081c00000|  0%| F|  |TAMS 0x0000000081b00000, 0x0000000081b00000| Untracked 
|   8|0x0000000081c00000, 0x0000000081c00000, 0x0000000081d00000|  0%| F|  |TAMS 0x0000000081c00000, 0x0000000081c00000| Untracked 
|   9|0x0000000081d00000, 0x0000000081d00000, 0x0000000081e00000|  0%| F|  |TAMS 0x0000000081d00000, 0x0000000081d00000| Untracked 
|  10|0x0000000081e00000, 0x0000000081e00000, 0x0000000081f00000|  0%| F|  |TAMS 0x0000000081e00000, 0x0000000081e00000| Untracked 
|  11|0x0000000081f00000, 0x0000000081f00000, 0x0000000082000000|  0%| F|  |TAMS 0x0000000081f00000, 0x0000000081f00000| Untracked 
|  12|0x0000000082000000, 0x0000000082000000, 0x0000000082100000|  0%| F|  |TAMS 0x0000000082000000, 0x0000000082000000| Untracked 
|  13|0x0000000082100000, 0x0000000082100000, 0x0000000082200000|  0%| F|  |TAMS 0x0000000082100000, 0x0000000082100000| Untracked 
|  14|0x0000000082200000, 0x0000000082200000, 0x0000000082300000|  0%| F|  |TAMS 0x0000000082200000, 0x0000000082200000| Untracked 
|  15|0x0000000082300000, 0x0000000082300000, 0x0000000082400000|  0%| F|  |TAMS 0x0000000082300000, 0x0000000082300000| Untracked 
|  16|0x0000000082400000, 0x0000000082400000, 0x0000000082500000|  0%| F|  |TAMS 0x0000000082400000, 0x0000000082400000| Untracked 
|  17|0x0000000082500000, 0x0000000082500000, 0x0000000082600000|  0%| F|  |TAMS 0x0000000082500000, 0x0000000082500000| Untracked 
|  18|0x0000000082600000, 0x0000000082600000, 0x0000000082700000|  0%| F|  |TAMS 0x0000000082600000, 0x0000000082600000| Untracked 
|  19|0x0000000082700000, 0x0000000082700000, 0x0000000082800000|  0%| F|  |TAMS 0x0000000082700000, 0x0000000082700000| Untracked 
|  20|0x0000000082800000, 0x0000000082800000, 0x0000000082900000|  0%| F|  |TAMS 0x0000000082800000, 0x0000000082800000| Untracked 
|  21|0x0000000082900000, 0x0000000082900000, 0x0000000082a00000|  0%| F|  |TAMS 0x0000000082900000, 0x0000000082900000| Untracked 
|  22|0x0000000082a00000, 0x0000000082a00000, 0x0000000082b00000|  0%| F|  |TAMS 0x0000000082a00000, 0x0000000082a00000| Untracked 
|  23|0x0000000082b00000, 0x0000000082b00000, 0x0000000082c00000|  0%| F|  |TAMS 0x0000000082b00000, 0x0000000082b00000| Untracked 
|  24|0x0000000082c00000, 0x0000000082c00000, 0x0000000082d00000|  0%| F|  |TAMS 0x0000000082c00000, 0x0000000082c00000| Untracked 
|  25|0x0000000082d00000, 0x0000000082d00000, 0x0000000082e00000|  0%| F|  |TAMS 0x0000000082d00000, 0x0000000082d00000| Untracked 
|  26|0x0000000082e00000, 0x0000000082e00000, 0x0000000082f00000|  0%| F|  |TAMS 0x0000000082e00000, 0x0000000082e00000| Untracked 
|  27|0x0000000082f00000, 0x0000000082f00000, 0x0000000083000000|  0%| F|  |TAMS 0x0000000082f00000, 0x0000000082f00000| Untracked 
|  28|0x0000000083000000, 0x0000000083000000, 0x0000000083100000|  0%| F|  |TAMS 0x0000000083000000, 0x0000000083000000| Untracked 
|  29|0x0000000083100000, 0x0000000083100000, 0x0000000083200000|  0%| F|  |TAMS 0x0000000083100000, 0x0000000083100000| Untracked 
|  30|0x0000000083200000, 0x0000000083200000, 0x0000000083300000|  0%| F|  |TAMS 0x0000000083200000, 0x0000000083200000| Untracked 
|  31|0x0000000083300000, 0x0000000083300000, 0x0000000083400000|  0%| F|  |TAMS 0x0000000083300000, 0x0000000083300000| Untracked 
|  32|0x0000000083400000, 0x0000000083400000, 0x0000000083500000|  0%| F|  |TAMS 0x0000000083400000, 0x0000000083400000| Untracked 
|  33|0x0000000083500000, 0x0000000083500000, 0x0000000083600000|  0%| F|  |TAMS 0x0000000083500000, 0x0000000083500000| Untracked 
|  34|0x0000000083600000, 0x0000000083600000, 0x0000000083700000|  0%| F|  |TAMS 0x0000000083600000, 0x0000000083600000| Untracked 
|  35|0x0000000083700000, 0x0000000083700000, 0x0000000083800000|  0%| F|  |TAMS 0x0000000083700000, 0x0000000083700000| Untracked 
|  36|0x0000000083800000, 0x0000000083800000, 0x0000000083900000|  0%| F|  |TAMS 0x0000000083800000, 0x0000000083800000| Untracked 
|  37|0x0000000083900000, 0x0000000083900000, 0x0000000083a00000|  0%| F|  |TAMS 0x0000000083900000, 0x0000000083900000| Untracked 
|  38|0x0000000083a00000, 0x0000000083a00000, 0x0000000083b00000|  0%| F|  |TAMS 0x0000000083a00000, 0x0000000083a00000| Untracked 
|  39|0x0000000083b00000, 0x0000000083b00000, 0x0000000083c00000|  0%| F|  |TAMS 0x0000000083b00000, 0x0000000083b00000| Untracked 
|  40|0x0000000083c00000, 0x0000000083c00000, 0x0000000083d00000|  0%| F|  |TAMS 0x0000000083c00000, 0x0000000083c00000| Untracked 
|  41|0x0000000083d00000, 0x0000000083d00000, 0x0000000083e00000|  0%| F|  |TAMS 0x0000000083d00000, 0x0000000083d00000| Untracked 
|  42|0x0000000083e00000, 0x0000000083e00000, 0x0000000083f00000|  0%| F|  |TAMS 0x0000000083e00000, 0x0000000083e00000| Untracked 
|  43|0x0000000083f00000, 0x0000000083f00000, 0x0000000084000000|  0%| F|  |TAMS 0x0000000083f00000, 0x0000000083f00000| Untracked 
|  44|0x0000000084000000, 0x0000000084000000, 0x0000000084100000|  0%| F|  |TAMS 0x0000000084000000, 0x0000000084000000| Untracked 
|  45|0x0000000084100000, 0x0000000084100000, 0x0000000084200000|  0%| F|  |TAMS 0x0000000084100000, 0x0000000084100000| Untracked 
|  46|0x0000000084200000, 0x0000000084200000, 0x0000000084300000|  0%| F|  |TAMS 0x0000000084200000, 0x0000000084200000| Untracked 
|  47|0x0000000084300000, 0x0000000084300000, 0x0000000084400000|  0%| F|  |TAMS 0x0000000084300000, 0x0000000084300000| Untracked 
|  48|0x0000000084400000, 0x0000000084400000, 0x0000000084500000|  0%| F|  |TAMS 0x0000000084400000, 0x0000000084400000| Untracked 
|  49|0x0000000084500000, 0x0000000084500000, 0x0000000084600000|  0%| F|  |TAMS 0x0000000084500000, 0x0000000084500000| Untracked 
|  50|0x0000000084600000, 0x0000000084600000, 0x0000000084700000|  0%| F|  |TAMS 0x0000000084600000, 0x0000000084600000| Untracked 
|  51|0x0000000084700000, 0x0000000084700000, 0x0000000084800000|  0%| F|  |TAMS 0x0000000084700000, 0x0000000084700000| Untracked 
|  52|0x0000000084800000, 0x0000000084800000, 0x0000000084900000|  0%| F|  |TAMS 0x0000000084800000, 0x0000000084800000| Untracked 
|  53|0x0000000084900000, 0x0000000084900000, 0x0000000084a00000|  0%| F|  |TAMS 0x0000000084900000, 0x0000000084900000| Untracked 
|  54|0x0000000084a00000, 0x0000000084a00000, 0x0000000084b00000|  0%| F|  |TAMS 0x0000000084a00000, 0x0000000084a00000| Untracked 
|  55|0x0000000084b00000, 0x0000000084b00000, 0x0000000084c00000|  0%| F|  |TAMS 0x0000000084b00000, 0x0000000084b00000| Untracked 
|  56|0x0000000084c00000, 0x0000000084c00000, 0x0000000084d00000|  0%| F|  |TAMS 0x0000000084c00000, 0x0000000084c00000| Untracked 
|  57|0x0000000084d00000, 0x0000000084d00000, 0x0000000084e00000|  0%| F|  |TAMS 0x0000000084d00000, 0x0000000084d00000| Untracked 
|  58|0x0000000084e00000, 0x0000000084e00000, 0x0000000084f00000|  0%| F|  |TAMS 0x0000000084e00000, 0x0000000084e00000| Untracked 
|  59|0x0000000084f00000, 0x0000000084f00000, 0x0000000085000000|  0%| F|  |TAMS 0x0000000084f00000, 0x0000000084f00000| Untracked 
|  60|0x0000000085000000, 0x0000000085000000, 0x0000000085100000|  0%| F|  |TAMS 0x0000000085000000, 0x0000000085000000| Untracked 
|  61|0x0000000085100000, 0x0000000085100000, 0x0000000085200000|  0%| F|  |TAMS 0x0000000085100000, 0x0000000085100000| Untracked 
|  62|0x0000000085200000, 0x0000000085200000, 0x0000000085300000|  0%| F|  |TAMS 0x0000000085200000, 0x0000000085200000| Untracked 
|  63|0x0000000085300000, 0x0000000085300000, 0x0000000085400000|  0%| F|  |TAMS 0x0000000085300000, 0x0000000085300000| Untracked 
|  64|0x0000000085400000, 0x0000000085400000, 0x0000000085500000|  0%| F|  |TAMS 0x0000000085400000, 0x0000000085400000| Untracked 
|  65|0x0000000085500000, 0x0000000085500000, 0x0000000085600000|  0%| F|  |TAMS 0x0000000085500000, 0x0000000085500000| Untracked 
|  66|0x0000000085600000, 0x0000000085600000, 0x0000000085700000|  0%| F|  |TAMS 0x0000000085600000, 0x0000000085600000| Untracked 
|  67|0x0000000085700000, 0x0000000085700000, 0x0000000085800000|  0%| F|  |TAMS 0x0000000085700000, 0x0000000085700000| Untracked 
|  68|0x0000000085800000, 0x0000000085800000, 0x0000000085900000|  0%| F|  |TAMS 0x0000000085800000, 0x0000000085800000| Untracked 
|  69|0x0000000085900000, 0x0000000085900000, 0x0000000085a00000|  0%| F|  |TAMS 0x0000000085900000, 0x0000000085900000| Untracked 
|  70|0x0000000085a00000, 0x0000000085a00000, 0x0000000085b00000|  0%| F|  |TAMS 0x0000000085a00000, 0x0000000085a00000| Untracked 
|  71|0x0000000085b00000, 0x0000000085b00000, 0x0000000085c00000|  0%| F|  |TAMS 0x0000000085b00000, 0x0000000085b00000| Untracked 
|  72|0x0000000085c00000, 0x0000000085c00000, 0x0000000085d00000|  0%| F|  |TAMS 0x0000000085c00000, 0x0000000085c00000| Untracked 
|  73|0x0000000085d00000, 0x0000000085d00000, 0x0000000085e00000|  0%| F|  |TAMS 0x0000000085d00000, 0x0000000085d00000| Untracked 
|  74|0x0000000085e00000, 0x0000000085e00000, 0x0000000085f00000|  0%| F|  |TAMS 0x0000000085e00000, 0x0000000085e00000| Untracked 
|  75|0x0000000085f00000, 0x0000000085f00000, 0x0000000086000000|  0%| F|  |TAMS 0x0000000085f00000, 0x0000000085f00000| Untracked 
|  76|0x0000000086000000, 0x0000000086000000, 0x0000000086100000|  0%| F|  |TAMS 0x0000000086000000, 0x0000000086000000| Untracked 
|  77|0x0000000086100000, 0x0000000086100000, 0x0000000086200000|  0%| F|  |TAMS 0x0000000086100000, 0x0000000086100000| Untracked 
|  78|0x0000000086200000, 0x0000000086200000, 0x0000000086300000|  0%| F|  |TAMS 0x0000000086200000, 0x0000000086200000| Untracked 
|  79|0x0000000086300000, 0x0000000086300000, 0x0000000086400000|  0%| F|  |TAMS 0x0000000086300000, 0x0000000086300000| Untracked 
|  80|0x0000000086400000, 0x0000000086400000, 0x0000000086500000|  0%| F|  |TAMS 0x0000000086400000, 0x0000000086400000| Untracked 
|  81|0x0000000086500000, 0x0000000086500000, 0x0000000086600000|  0%| F|  |TAMS 0x0000000086500000, 0x0000000086500000| Untracked 
|  82|0x0000000086600000, 0x0000000086600000, 0x0000000086700000|  0%| F|  |TAMS 0x0000000086600000, 0x0000000086600000| Untracked 
|  83|0x0000000086700000, 0x0000000086700000, 0x0000000086800000|  0%| F|  |TAMS 0x0000000086700000, 0x0000000086700000| Untracked 
|  84|0x0000000086800000, 0x0000000086800000, 0x0000000086900000|  0%| F|  |TAMS 0x0000000086800000, 0x0000000086800000| Untracked 
|  85|0x0000000086900000, 0x0000000086900000, 0x0000000086a00000|  0%| F|  |TAMS 0x0000000086900000, 0x0000000086900000| Untracked 
|  86|0x0000000086a00000, 0x0000000086a00000, 0x0000000086b00000|  0%| F|  |TAMS 0x0000000086a00000, 0x0000000086a00000| Untracked 
|  87|0x0000000086b00000, 0x0000000086b00000, 0x0000000086c00000|  0%| F|  |TAMS 0x0000000086b00000, 0x0000000086b00000| Untracked 
|  88|0x0000000086c00000, 0x0000000086c00000, 0x0000000086d00000|  0%| F|  |TAMS 0x0000000086c00000, 0x0000000086c00000| Untracked 
|  89|0x0000000086d00000, 0x0000000086d00000, 0x0000000086e00000|  0%| F|  |TAMS 0x0000000086d00000, 0x0000000086d00000| Untracked 
|  90|0x0000000086e00000, 0x0000000086e00000, 0x0000000086f00000|  0%| F|  |TAMS 0x0000000086e00000, 0x0000000086e00000| Untracked 
|  91|0x0000000086f00000, 0x0000000086f00000, 0x0000000087000000|  0%| F|  |TAMS 0x0000000086f00000, 0x0000000086f00000| Untracked 
|  92|0x0000000087000000, 0x0000000087000000, 0x0000000087100000|  0%| F|  |TAMS 0x0000000087000000, 0x0000000087000000| Untracked 
|  93|0x0000000087100000, 0x0000000087100000, 0x0000000087200000|  0%| F|  |TAMS 0x0000000087100000, 0x0000000087100000| Untracked 
|  94|0x0000000087200000, 0x0000000087200000, 0x0000000087300000|  0%| F|  |TAMS 0x0000000087200000, 0x0000000087200000| Untracked 
|  95|0x0000000087300000, 0x0000000087300000, 0x0000000087400000|  0%| F|  |TAMS 0x0000000087300000, 0x0000000087300000| Untracked 
|  96|0x0000000087400000, 0x0000000087400000, 0x0000000087500000|  0%| F|  |TAMS 0x0000000087400000, 0x0000000087400000| Untracked 
|  97|0x0000000087500000, 0x0000000087500000, 0x0000000087600000|  0%| F|  |TAMS 0x0000000087500000, 0x0000000087500000| Untracked 
|  98|0x0000000087600000, 0x0000000087600000, 0x0000000087700000|  0%| F|  |TAMS 0x0000000087600000, 0x0000000087600000| Untracked 
|  99|0x0000000087700000, 0x0000000087700000, 0x0000000087800000|  0%| F|  |TAMS 0x0000000087700000, 0x0000000087700000| Untracked 
| 100|0x0000000087800000, 0x0000000087800000, 0x0000000087900000|  0%| F|  |TAMS 0x0000000087800000, 0x0000000087800000| Untracked 
| 101|0x0000000087900000, 0x0000000087900000, 0x0000000087a00000|  0%| F|  |TAMS 0x0000000087900000, 0x0000000087900000| Untracked 
| 102|0x0000000087a00000, 0x0000000087a00000, 0x0000000087b00000|  0%| F|  |TAMS 0x0000000087a00000, 0x0000000087a00000| Untracked 
| 103|0x0000000087b00000, 0x0000000087b00000, 0x0000000087c00000|  0%| F|  |TAMS 0x0000000087b00000, 0x0000000087b00000| Untracked 
| 104|0x0000000087c00000, 0x0000000087c00000, 0x0000000087d00000|  0%| F|  |TAMS 0x0000000087c00000, 0x0000000087c00000| Untracked 
| 105|0x0000000087d00000, 0x0000000087d00000, 0x0000000087e00000|  0%| F|  |TAMS 0x0000000087d00000, 0x0000000087d00000| Untracked 
| 106|0x0000000087e00000, 0x0000000087e00000, 0x0000000087f00000|  0%| F|  |TAMS 0x0000000087e00000, 0x0000000087e00000| Untracked 
| 107|0x0000000087f00000, 0x0000000087f00000, 0x0000000088000000|  0%| F|  |TAMS 0x0000000087f00000, 0x0000000087f00000| Untracked 
| 108|0x0000000088000000, 0x0000000088000000, 0x0000000088100000|  0%| F|  |TAMS 0x0000000088000000, 0x0000000088000000| Untracked 
| 109|0x0000000088100000, 0x0000000088100000, 0x0000000088200000|  0%| F|  |TAMS 0x0000000088100000, 0x0000000088100000| Untracked 
| 110|0x0000000088200000, 0x0000000088200000, 0x0000000088300000|  0%| F|  |TAMS 0x0000000088200000, 0x0000000088200000| Untracked 
| 111|0x0000000088300000, 0x0000000088300000, 0x0000000088400000|  0%| F|  |TAMS 0x0000000088300000, 0x0000000088300000| Untracked 
| 112|0x0000000088400000, 0x0000000088400000, 0x0000000088500000|  0%| F|  |TAMS 0x0000000088400000, 0x0000000088400000| Untracked 
| 113|0x0000000088500000, 0x0000000088500000, 0x0000000088600000|  0%| F|  |TAMS 0x0000000088500000, 0x0000000088500000| Untracked 
| 114|0x0000000088600000, 0x0000000088600000, 0x0000000088700000|  0%| F|  |TAMS 0x0000000088600000, 0x0000000088600000| Untracked 
| 115|0x0000000088700000, 0x0000000088700000, 0x0000000088800000|  0%| F|  |TAMS 0x0000000088700000, 0x0000000088700000| Untracked 
| 116|0x0000000088800000, 0x0000000088800000, 0x0000000088900000|  0%| F|  |TAMS 0x0000000088800000, 0x0000000088800000| Untracked 
| 117|0x0000000088900000, 0x0000000088900000, 0x0000000088a00000|  0%| F|  |TAMS 0x0000000088900000, 0x0000000088900000| Untracked 
| 118|0x0000000088a00000, 0x0000000088a00000, 0x0000000088b00000|  0%| F|  |TAMS 0x0000000088a00000, 0x0000000088a00000| Untracked 
| 119|0x0000000088b00000, 0x0000000088b00000, 0x0000000088c00000|  0%| F|  |TAMS 0x0000000088b00000, 0x0000000088b00000| Untracked 
| 120|0x0000000088c00000, 0x0000000088c00000, 0x0000000088d00000|  0%| F|  |TAMS 0x0000000088c00000, 0x0000000088c00000| Untracked 
| 121|0x0000000088d00000, 0x0000000088d00000, 0x0000000088e00000|  0%| F|  |TAMS 0x0000000088d00000, 0x0000000088d00000| Untracked 
| 122|0x0000000088e00000, 0x0000000088e00000, 0x0000000088f00000|  0%| F|  |TAMS 0x0000000088e00000, 0x0000000088e00000| Untracked 
| 123|0x0000000088f00000, 0x0000000088f00000, 0x0000000089000000|  0%| F|  |TAMS 0x0000000088f00000, 0x0000000088f00000| Untracked 
| 124|0x0000000089000000, 0x000000008908fe28, 0x0000000089100000| 56%| E|  |TAMS 0x0000000089000000, 0x0000000089000000| Complete 
| 125|0x0000000089100000, 0x0000000089200000, 0x0000000089200000|100%| E|CS|TAMS 0x0000000089100000, 0x0000000089100000| Complete 
| 126|0x0000000089200000, 0x0000000089300000, 0x0000000089300000|100%| E|CS|TAMS 0x0000000089200000, 0x0000000089200000| Complete 
| 127|0x0000000089300000, 0x0000000089400000, 0x0000000089400000|100%| E|CS|TAMS 0x0000000089300000, 0x0000000089300000| Complete 

Card table byte_map: [0x000001b3ecd90000,0x000001b3ed190000] _byte_map_base: 0x000001b3ec986000

Marking Bits (Prev, Next): (CMBitMap*) 0x000001b3d36dfef8, (CMBitMap*) 0x000001b3d36dff30
 Prev Bits: [0x000001b3ed590000, 0x000001b3ef540000)
 Next Bits: [0x000001b3ef540000, 0x000001b3f14f0000)

Polling page: 0x000001b3d3510000

Metaspace:

Usage:
  Non-class:      7.37 MB capacity,     7.28 MB ( 99%) used,    82.28 KB (  1%) free+waste,     9.06 KB ( <1%) overhead. 
      Class:    770.00 KB capacity,   745.57 KB ( 97%) used,    20.18 KB (  3%) free+waste,     4.25 KB ( <1%) overhead. 
       Both:      8.12 MB capacity,     8.01 MB ( 99%) used,   102.46 KB (  1%) free+waste,    13.31 KB ( <1%) overhead. 

Virtual space:
  Non-class space:        8.00 MB reserved,       7.50 MB ( 94%) committed 
      Class space:        1.00 GB reserved,     896.00 KB ( <1%) committed 
             Both:        1.01 GB reserved,       8.38 MB ( <1%) committed 

Chunk freelists:
   Non-Class:  384 bytes
       Class:  0 bytes
        Both:  384 bytes

CodeHeap 'non-profiled nmethods': size=120064Kb used=104Kb max_used=104Kb free=119959Kb
 bounds [0x000001b3e4e30000, 0x000001b3e50a0000, 0x000001b3ec370000]
CodeHeap 'profiled nmethods': size=120000Kb used=433Kb max_used=433Kb free=119566Kb
 bounds [0x000001b3dd900000, 0x000001b3ddb70000, 0x000001b3e4e30000]
CodeHeap 'non-nmethods': size=5696Kb used=1067Kb max_used=1080Kb free=4628Kb
 bounds [0x000001b3dd370000, 0x000001b3dd5e0000, 0x000001b3dd900000]
 total_blobs=715 nmethods=350 adapters=277
 compilation: enabled
              stopped_count=0, restarted_count=0
 full_count=0

Compilation events (10 events):
Event: 9.097 Thread 0x000001b3f3af8800 nmethod 336 0x000001b3dd968710 code [0x000001b3dd9688c0, 0x000001b3dd968ae8]
Event: 9.097 Thread 0x000001b3f3af8800  337       3       java.lang.invoke.MethodHandles$Lookup::lookupClassOrNull (17 bytes)
Event: 9.098 Thread 0x000001b3f3af8800 nmethod 337 0x000001b3dd968c10 code [0x000001b3dd968dc0, 0x000001b3dd968f38]
Event: 9.098 Thread 0x000001b3f3af8800  341       3       java.util.Arrays::copyOf (40 bytes)
Event: 9.098 Thread 0x000001b3f3af8800 nmethod 341 0x000001b3dd969010 code [0x000001b3dd969220, 0x000001b3dd9698c8]
Event: 9.098 Thread 0x000001b3f3af8800  342       3       java.lang.invoke.MethodTypeForm::canonicalizeAll (66 bytes)
Event: 9.099 Thread 0x000001b3f3af8800 nmethod 342 0x000001b3dd969b10 code [0x000001b3dd969d00, 0x000001b3dd96a318]
Event: 9.099 Thread 0x000001b3f3af8800  344       3       sun.invoke.util.Wrapper::forPrimitiveType (49 bytes)
Event: 9.100 Thread 0x000001b3f3af8800 nmethod 344 0x000001b3dd96a510 code [0x000001b3dd96a8a0, 0x000001b3dd96be08]
Event: 9.100 Thread 0x000001b3f3af8800  345       3       jdk.internal.org.objectweb.asm.Frame::execute (2264 bytes)

GC Heap History (0 events):
No events

Deoptimization events (5 events):
Event: 0.354 Thread 0x000001b3d36a3800 Uncommon trap: reason=class_check action=maybe_recompile pc=0x000001b3e4e3c318 method=java.util.HashMap.putVal(ILjava/lang/Object;Ljava/lang/Object;ZZ)Ljava/lang/Object; @ 152 c2
Event: 0.368 Thread 0x000001b3d36a3800 Uncommon trap: reason=unstable_if action=reinterpret pc=0x000001b3e4e3d510 method=java.lang.String.isLatin1()Z @ 10 c2
Event: 0.384 Thread 0x000001b3f463a000 Uncommon trap: reason=class_check action=maybe_recompile pc=0x000001b3e4e3c318 method=java.util.HashMap.putVal(ILjava/lang/Object;Ljava/lang/Object;ZZ)Ljava/lang/Object; @ 152 c2
Event: 1.090 Thread 0x000001b3f4473000 Uncommon trap: reason=class_check action=maybe_recompile pc=0x000001b3e4e3c318 method=java.util.HashMap.putVal(ILjava/lang/Object;Ljava/lang/Object;ZZ)Ljava/lang/Object; @ 152 c2
Event: 1.100 Thread 0x000001b3f4473000 Uncommon trap: reason=class_check action=maybe_recompile pc=0x000001b3e4e3c318 method=java.util.HashMap.putVal(ILjava/lang/Object;Ljava/lang/Object;ZZ)Ljava/lang/Object; @ 152 c2

Classes redefined (0 events):
No events

Internal exceptions (1 events):
Event: 0.389 Thread 0x000001b3d36a3800 Exception <a 'java/lang/NoSuchMethodError'{0x000000008911a870}: java.lang.invoke.DirectMethodHandle$Holder.invokeSpecialIFC(Ljava/lang/Object;Ljava/lang/Object;I)I> (0x000000008911a870) thrown at [./open/src/hotspot/share/interpreter/linkResolver.cpp, lin

Events (10 events):
Event: 9.092 loading class java/lang/invoke/BoundMethodHandle$Species_LLLL
Event: 9.092 loading class java/lang/invoke/BoundMethodHandle$Species_LLLL done
Event: 9.094 loading class java/lang/invoke/BoundMethodHandle$Species_LLLLL
Event: 9.094 loading class java/lang/invoke/BoundMethodHandle$Species_LLLLL done
Event: 9.096 loading class java/lang/invoke/BoundMethodHandle$Species_LLLLLL
Event: 9.096 loading class java/lang/invoke/BoundMethodHandle$Species_LLLLLL done
Event: 9.099 loading class java/lang/invoke/BoundMethodHandle$Species_LLLLLLL
Event: 9.100 loading class java/lang/invoke/BoundMethodHandle$Species_LLLLLLL done
Event: 9.102 loading class java/lang/invoke/BoundMethodHandle$Species_LLLLLLLL
Event: 9.102 loading class java/lang/invoke/BoundMethodHandle$Species_LLLLLLLL done


Dynamic libraries:
0x00007ff7598d0000 - 0x00007ff7598df000 	C:\Program Files\Java\jdk-11.0.12\bin\java.exe
0x00007ff8ccef0000 - 0x00007ff8cd0e5000 	C:\WINDOWS\SYSTEM32\ntdll.dll
0x00007ff8cc200000 - 0x00007ff8cc2bd000 	C:\WINDOWS\System32\KERNEL32.DLL
0x00007ff8ca620000 - 0x00007ff8ca8e9000 	C:\WINDOWS\System32\KERNELBASE.dll
0x00007ff8cabd0000 - 0x00007ff8cacd0000 	C:\WINDOWS\System32\ucrtbase.dll
0x00007ff8a9140000 - 0x00007ff8a9155000 	C:\Program Files\Java\jdk-11.0.12\bin\VCRUNTIME140.dll
0x00007ff8ad870000 - 0x00007ff8ad888000 	C:\Program Files\Java\jdk-11.0.12\bin\jli.dll
0x00007ff8cc550000 - 0x00007ff8cc5fc000 	C:\WINDOWS\System32\ADVAPI32.dll
0x00007ff8ccab0000 - 0x00007ff8ccb4e000 	C:\WINDOWS\System32\msvcrt.dll
0x00007ff8cb120000 - 0x00007ff8cb1bb000 	C:\WINDOWS\System32\sechost.dll
0x00007ff8cc0c0000 - 0x00007ff8cc1ea000 	C:\WINDOWS\System32\RPCRT4.dll
0x00007ff8caf80000 - 0x00007ff8cb120000 	C:\WINDOWS\System32\USER32.dll
0x00007ff8ca8f0000 - 0x00007ff8ca912000 	C:\WINDOWS\System32\win32u.dll
0x00007ff8caf50000 - 0x00007ff8caf7a000 	C:\WINDOWS\System32\GDI32.dll
0x00007ff8ae2b0000 - 0x00007ff8ae54a000 	C:\WINDOWS\WinSxS\amd64_microsoft.windows.common-controls_6595b64144ccf1df_6.0.19041.1110_none_60b5254171f9507e\COMCTL32.dll
0x00007ff8cadc0000 - 0x00007ff8caecb000 	C:\WINDOWS\System32\gdi32full.dll
0x00007ff8ca920000 - 0x00007ff8ca9bd000 	C:\WINDOWS\System32\msvcp_win.dll
0x00007ff8b3cb0000 - 0x00007ff8b3cba000 	C:\WINDOWS\SYSTEM32\VERSION.dll
0x00007ff8cc400000 - 0x00007ff8cc430000 	C:\WINDOWS\System32\IMM32.DLL
0x00007ff8a3640000 - 0x00007ff8a36db000 	C:\Program Files\Java\jdk-11.0.12\bin\msvcp140.dll
0x00007ff87fe00000 - 0x00007ff8808ff000 	C:\Program Files\Java\jdk-11.0.12\bin\server\jvm.dll
0x00007ff8cc3f0000 - 0x00007ff8cc3f8000 	C:\WINDOWS\System32\PSAPI.DLL
0x00007ff8bc1d0000 - 0x00007ff8bc1d9000 	C:\WINDOWS\SYSTEM32\WSOCK32.dll
0x00007ff8cc960000 - 0x00007ff8cc9cb000 	C:\WINDOWS\System32\WS2_32.dll
0x00007ff8a0df0000 - 0x00007ff8a0e17000 	C:\WINDOWS\SYSTEM32\WINMM.dll
0x00007ff8c8510000 - 0x00007ff8c8522000 	C:\WINDOWS\SYSTEM32\kernel.appcore.dll
0x00007ff8a9340000 - 0x00007ff8a9350000 	C:\Program Files\Java\jdk-11.0.12\bin\verify.dll
0x00007ff8c3be0000 - 0x00007ff8c3dc4000 	C:\WINDOWS\SYSTEM32\DBGHELP.DLL
0x00007ff8ad1f0000 - 0x00007ff8ad21c000 	C:\WINDOWS\SYSTEM32\dbgcore.DLL
0x00007ff8cacd0000 - 0x00007ff8cad53000 	C:\WINDOWS\System32\bcryptPrimitives.dll
0x00007ff8a8c40000 - 0x00007ff8a8c68000 	C:\Program Files\Java\jdk-11.0.12\bin\java.dll
0x00007ff8a90d0000 - 0x00007ff8a90da000 	C:\Program Files\Java\jdk-11.0.12\bin\jimage.dll
0x00007ff8a8a40000 - 0x00007ff8a8a4e000 	C:\Program Files\Java\jdk-11.0.12\bin\instrument.dll
0x00007ff8a8a20000 - 0x00007ff8a8a36000 	C:\Program Files\Java\jdk-11.0.12\bin\zip.dll
0x00007ff8cb2e0000 - 0x00007ff8cba1f000 	C:\WINDOWS\System32\SHELL32.dll
0x00007ff8c8730000 - 0x00007ff8c8ec0000 	C:\WINDOWS\SYSTEM32\windows.storage.dll
0x00007ff8cc600000 - 0x00007ff8cc955000 	C:\WINDOWS\System32\combase.dll
0x00007ff8ca010000 - 0x00007ff8ca03c000 	C:\WINDOWS\SYSTEM32\Wldp.dll
0x00007ff8cbf50000 - 0x00007ff8cbffe000 	C:\WINDOWS\System32\SHCORE.dll
0x00007ff8cc2c0000 - 0x00007ff8cc315000 	C:\WINDOWS\System32\shlwapi.dll
0x00007ff8ca560000 - 0x00007ff8ca57f000 	C:\WINDOWS\SYSTEM32\profapi.dll
0x00007ff8a8510000 - 0x00007ff8a8529000 	C:\Program Files\Java\jdk-11.0.12\bin\net.dll
0x00007ff8c4010000 - 0x00007ff8c4118000 	C:\WINDOWS\SYSTEM32\WINHTTP.dll
0x00007ff8c9d10000 - 0x00007ff8c9d7a000 	C:\WINDOWS\system32\mswsock.dll
0x00007ff8a82c0000 - 0x00007ff8a82d2000 	C:\Program Files\Java\jdk-11.0.12\bin\nio.dll
0x00007ff8a82a0000 - 0x00007ff8a82ba000 	C:\Program Files\JetBrains\IntelliJ IDEA 2021.2\bin\breakgen64.dll

dbghelp: loaded successfully - version: 4.0.5 - missing functions: none
symbol engine: initialized successfully - sym options: 0x614 - pdb path: .;C:\Program Files\Java\jdk-11.0.12\bin;C:\WINDOWS\SYSTEM32;C:\WINDOWS\WinSxS\amd64_microsoft.windows.common-controls_6595b64144ccf1df_6.0.19041.1110_none_60b5254171f9507e;C:\Program Files\Java\jdk-11.0.12\bin\server;C:\Program Files\JetBrains\IntelliJ IDEA 2021.2\bin

VM Arguments:
jvm_args: -javaagent:C:\Program Files\JetBrains\IntelliJ IDEA 2021.2\lib\idea_rt.jar=63296:C:\Program Files\JetBrains\IntelliJ IDEA 2021.2\bin -Dfile.encoding=UTF-8 
java_command: Duke
java_class_path (initial): C:\Users\lolwa\OneDrive\Desktop\ip\out\production\ip
Launcher Type: SUN_STANDARD

[Global flags]
     intx CICompilerCount                          = 3                                         {product} {ergonomic}
     uint ConcGCThreads                            = 1                                         {product} {ergonomic}
     uint G1ConcRefinementThreads                  = 4                                         {product} {ergonomic}
   size_t G1HeapRegionSize                         = 1048576                                   {product} {ergonomic}
    uintx GCDrainStackTargetSize                   = 64                                        {product} {ergonomic}
   size_t InitialHeapSize                          = 134217728                                 {product} {ergonomic}
   size_t MarkStackSize                            = 4194304                                   {product} {ergonomic}
   size_t MaxHeapSize                              = 2126512128                                {product} {ergonomic}
   size_t MaxNewSize                               = 1275068416                                {product} {ergonomic}
   size_t MinHeapDeltaBytes                        = 1048576                                   {product} {ergonomic}
    uintx NonNMethodCodeHeapSize                   = 5830732                                {pd product} {ergonomic}
    uintx NonProfiledCodeHeapSize                  = 122913754                              {pd product} {ergonomic}
    uintx ProfiledCodeHeapSize                     = 122913754                              {pd product} {ergonomic}
    uintx ReservedCodeCacheSize                    = 251658240                              {pd product} {ergonomic}
     bool SegmentedCodeCache                       = true                                      {product} {ergonomic}
     bool UseCompressedClassPointers               = true                                 {lp64_product} {ergonomic}
     bool UseCompressedOops                        = true                                 {lp64_product} {ergonomic}
     bool UseG1GC                                  = true                                      {product} {ergonomic}
     bool UseLargePagesIndividualAllocation        = false                                  {pd product} {ergonomic}

Logging:
Log output configuration:
 #0: stdout all=warning uptime,level,tags
 #1: stderr all=off uptime,level,tags

Environment Variables:
PATH=C:\Program Files\Common Files\Oracle\Java\javapath;C:\WINDOWS\system32;C:\WINDOWS;C:\WINDOWS\System32\Wbem;C:\WINDOWS\System32\WindowsPowerShell\v1.0\;C:\WINDOWS\System32\OpenSSH\;c:\WINDOWS\System32\WBem;C:\Program Files\Git\cmd;C:\Users\lolwa\AppData\Local\Microsoft\WindowsApps;;C:\Program Files (x86)\SSH Communications Security\SSH Secure Shell
USERNAME=lolwa
OS=Windows_NT
PROCESSOR_IDENTIFIER=Intel64 Family 6 Model 142 Stepping 9, GenuineIntel



---------------  S Y S T E M  ---------------

OS: Windows 10 , 64 bit Build 19041 (10.0.19041.1151)

CPU:total 4 (initial active 4) (2 cores per cpu, 2 threads per core) family 6 model 142 stepping 9 microcode 0xe8, cmov, cx8, fxsr, mmx, sse, sse2, sse3, ssse3, sse4.1, sse4.2, popcnt, avx, avx2, aes, clmul, erms, rtm, 3dnowpref, lzcnt, ht, tsc, tscinvbit, bmi1, bmi2, adx, fma

Memory: 4k page, system-wide physical 8109M (407M free)
TotalPageFile size 23080M (AvailPageFile size 3M)
current process WorkingSet (physical memory assigned to process): 41M, peak: 41M
current process commit charge ("private bytes"): 201M, peak: 201M

vm_info: Java HotSpot(TM) 64-Bit Server VM (11.0.12+8-LTS-237) for windows-amd64 JRE (11.0.12+8-LTS-237), built on Jun  8 2021 11:25:59 by "mach5one" with MS VC++ 15.9 (VS2017)

END.
